<?xml version="1.0" encoding="UTF-8"?>
<robot generator="Robot 4.1.3 (Python 3.10.2 on win32)" generated="20220319 13:10:26.278" rpa="false" schemaversion="2">
<suite id="s1" name="Verify Invalidcredentials Suite" source="D:\L&amp;T_Tech\Robot_Framework\Robot_Framework_Project\Login_Suite\verify_invalidcredentials_suite.robot">
<test id="s1-t1" name="TC1">
<kw name="Launch Browser" library="CommonFunctionality" type="SETUP">
<if>
<branch type="IF" condition="'${BROWSER_NAME}'=='edge'">
<kw name="Set Local Variable" library="BuiltIn">
<arg>${driver_name}</arg>
<arg>msedgedriver.exe</arg>
<doc>Makes a variable available everywhere within the local scope.</doc>
<status status="NOT RUN" starttime="20220319 13:10:26.653" endtime="20220319 13:10:26.653"/>
</kw>
<status status="NOT RUN" starttime="20220319 13:10:26.653" endtime="20220319 13:10:26.653"/>
</branch>
<branch type="ELSE IF" condition="'${BROWSER_NAME}'== 'ff'">
<kw name="Set Local Variable" library="BuiltIn">
<arg>${driver_name}</arg>
<arg>geckodriver.exe</arg>
<doc>Makes a variable available everywhere within the local scope.</doc>
<status status="NOT RUN" starttime="20220319 13:10:26.654" endtime="20220319 13:10:26.654"/>
</kw>
<status status="NOT RUN" starttime="20220319 13:10:26.654" endtime="20220319 13:10:26.654"/>
</branch>
<branch type="ELSE">
<kw name="Set Local Variable" library="BuiltIn">
<arg>${driver_name}</arg>
<arg>chromedriver.exe</arg>
<doc>Makes a variable available everywhere within the local scope.</doc>
<msg timestamp="20220319 13:10:26.655" level="INFO">${driver_name} = chromedriver.exe</msg>
<status status="PASS" starttime="20220319 13:10:26.654" endtime="20220319 13:10:26.656"/>
</kw>
<status status="PASS" starttime="20220319 13:10:26.654" endtime="20220319 13:10:26.656"/>
</branch>
<status status="PASS" starttime="20220319 13:10:26.653" endtime="20220319 13:10:26.656"/>
</if>
<kw name="Open Browser" library="SeleniumLibrary">
<arg>browser=${BROWSER_NAME}</arg>
<arg>executable_path=${EXECDIR}${/}Driver${/}${driver_name}</arg>
<doc>Opens a new browser instance to the optional ``url``.</doc>
<msg timestamp="20220319 13:10:26.656" level="INFO">Opening browser 'chrome' to base url 'None'.</msg>
<status status="PASS" starttime="20220319 13:10:26.656" endtime="20220319 13:10:28.604"/>
</kw>
<kw name="Maximize Browser Window" library="SeleniumLibrary">
<doc>Maximizes current browser window.</doc>
<status status="PASS" starttime="20220319 13:10:28.604" endtime="20220319 13:10:28.730"/>
</kw>
<kw name="Set Selenium Implicit Wait" library="SeleniumLibrary">
<arg>30s</arg>
<doc>Sets the implicit wait value used by Selenium.</doc>
<status status="PASS" starttime="20220319 13:10:28.730" endtime="20220319 13:10:28.731"/>
</kw>
<kw name="Set Screenshot Directory" library="SeleniumLibrary">
<arg>${EXECDIR}${/}Screenshot</arg>
<doc>Sets the directory for captured screenshots.</doc>
<status status="PASS" starttime="20220319 13:10:28.732" endtime="20220319 13:10:28.732"/>
</kw>
<kw name="Go To" library="SeleniumLibrary">
<arg>url=${URL}</arg>
<doc>Navigates the current browser window to the provided ``url``.</doc>
<msg timestamp="20220319 13:10:28.733" level="INFO">Opening url 'https://opensource-demo.orangehrmlive.com/'</msg>
<status status="PASS" starttime="20220319 13:10:28.732" endtime="20220319 13:10:36.463"/>
</kw>
<kw name="Capture Page Screenshot" library="SeleniumLibrary">
<doc>Takes a screenshot of the current page and embeds it into a log file.</doc>
<msg timestamp="20220319 13:10:36.953" level="INFO" html="true">&lt;/td&gt;&lt;/tr&gt;&lt;tr&gt;&lt;td colspan="3"&gt;&lt;a href="Screenshot/selenium-screenshot-26.png"&gt;&lt;img src="Screenshot/selenium-screenshot-26.png" width="800px"&gt;&lt;/a&gt;</msg>
<status status="PASS" starttime="20220319 13:10:36.463" endtime="20220319 13:10:36.953"/>
</kw>
<status status="PASS" starttime="20220319 13:10:26.653" endtime="20220319 13:10:36.954"/>
</kw>
<kw name="Verify InValid Credential Test">
<arg>John</arg>
<arg>john123</arg>
<arg>Invalid credentials</arg>
<kw name="Enter Username" library="Login_page">
<arg>${username}</arg>
<kw name="Input Text" library="SeleniumLibrary">
<arg>${USER_NAME_LOCATOR}</arg>
<arg>${Username}</arg>
<doc>Types the given ``text`` into the text field identified by ``locator``.</doc>
<msg timestamp="20220319 13:10:36.957" level="INFO">Typing text 'John' into text field 'id=txtUsername'.</msg>
<status status="PASS" starttime="20220319 13:10:36.956" endtime="20220319 13:10:37.062"/>
</kw>
<status status="PASS" starttime="20220319 13:10:36.955" endtime="20220319 13:10:37.063"/>
</kw>
<kw name="Enter Password" library="Login_page">
<arg>${password}</arg>
<kw name="Input Password" library="SeleniumLibrary">
<arg>${PASSWORD_LOCATOR}</arg>
<arg>${password}</arg>
<doc>Types the given password into the text field identified by ``locator``.</doc>
<msg timestamp="20220319 13:10:37.064" level="INFO">Typing password into text field 'id=txtPassword'.</msg>
<msg timestamp="20220319 13:10:37.111" level="INFO">Temporally setting log level to: NONE</msg>
<msg timestamp="20220319 13:10:37.165" level="INFO">Log level changed from NONE to INFO.</msg>
<status status="PASS" starttime="20220319 13:10:37.064" endtime="20220319 13:10:37.165"/>
</kw>
<status status="PASS" starttime="20220319 13:10:37.063" endtime="20220319 13:10:37.166"/>
</kw>
<kw name="Click on Login" library="Login_page">
<arg>id=btnLogin</arg>
<kw name="Click Button" library="SeleniumLibrary">
<arg>${login_button}</arg>
<doc>Clicks the button identified by ``locator``.</doc>
<msg timestamp="20220319 13:10:37.167" level="INFO">Clicking button 'id=btnLogin'.</msg>
<status status="PASS" starttime="20220319 13:10:37.166" endtime="20220319 13:10:39.379"/>
</kw>
<status status="PASS" starttime="20220319 13:10:37.166" endtime="20220319 13:10:39.379"/>
</kw>
<kw name="Element Text Should Be" library="SeleniumLibrary">
<arg>id=spanMessage</arg>
<arg>${expected_error}</arg>
<doc>Verifies that element ``locator`` contains exact the text ``expected``.</doc>
<msg timestamp="20220319 13:10:39.380" level="INFO">Verifying element 'id=spanMessage' contains exact text 'Invalid credentials'.</msg>
<status status="PASS" starttime="20220319 13:10:39.379" endtime="20220319 13:10:39.436"/>
</kw>
<kw name="Close Browser" library="SeleniumLibrary">
<doc>Closes the current browser.</doc>
<status status="PASS" starttime="20220319 13:10:39.436" endtime="20220319 13:10:41.666"/>
</kw>
<status status="PASS" starttime="20220319 13:10:36.954" endtime="20220319 13:10:41.667"/>
</kw>
<kw name="Close Browser" library="SeleniumLibrary" type="TEARDOWN">
<doc>Closes the current browser.</doc>
<status status="PASS" starttime="20220319 13:10:41.668" endtime="20220319 13:10:41.669"/>
</kw>
<status status="PASS" starttime="20220319 13:10:26.652" endtime="20220319 13:10:41.670"/>
</test>
<test id="s1-t2" name="TC2">
<kw name="Launch Browser" library="CommonFunctionality" type="SETUP">
<if>
<branch type="IF" condition="'${BROWSER_NAME}'=='edge'">
<kw name="Set Local Variable" library="BuiltIn">
<arg>${driver_name}</arg>
<arg>msedgedriver.exe</arg>
<doc>Makes a variable available everywhere within the local scope.</doc>
<status status="NOT RUN" starttime="20220319 13:10:41.679" endtime="20220319 13:10:41.679"/>
</kw>
<status status="NOT RUN" starttime="20220319 13:10:41.679" endtime="20220319 13:10:41.679"/>
</branch>
<branch type="ELSE IF" condition="'${BROWSER_NAME}'== 'ff'">
<kw name="Set Local Variable" library="BuiltIn">
<arg>${driver_name}</arg>
<arg>geckodriver.exe</arg>
<doc>Makes a variable available everywhere within the local scope.</doc>
<status status="NOT RUN" starttime="20220319 13:10:41.681" endtime="20220319 13:10:41.681"/>
</kw>
<status status="NOT RUN" starttime="20220319 13:10:41.680" endtime="20220319 13:10:41.681"/>
</branch>
<branch type="ELSE">
<kw name="Set Local Variable" library="BuiltIn">
<arg>${driver_name}</arg>
<arg>chromedriver.exe</arg>
<doc>Makes a variable available everywhere within the local scope.</doc>
<msg timestamp="20220319 13:10:41.687" level="INFO">${driver_name} = chromedriver.exe</msg>
<status status="PASS" starttime="20220319 13:10:41.681" endtime="20220319 13:10:41.688"/>
</kw>
<status status="PASS" starttime="20220319 13:10:41.681" endtime="20220319 13:10:41.688"/>
</branch>
<status status="PASS" starttime="20220319 13:10:41.678" endtime="20220319 13:10:41.688"/>
</if>
<kw name="Open Browser" library="SeleniumLibrary">
<arg>browser=${BROWSER_NAME}</arg>
<arg>executable_path=${EXECDIR}${/}Driver${/}${driver_name}</arg>
<doc>Opens a new browser instance to the optional ``url``.</doc>
<msg timestamp="20220319 13:10:41.691" level="INFO">Opening browser 'chrome' to base url 'None'.</msg>
<status status="PASS" starttime="20220319 13:10:41.689" endtime="20220319 13:10:45.507"/>
</kw>
<kw name="Maximize Browser Window" library="SeleniumLibrary">
<doc>Maximizes current browser window.</doc>
<status status="PASS" starttime="20220319 13:10:45.507" endtime="20220319 13:10:45.623"/>
</kw>
<kw name="Set Selenium Implicit Wait" library="SeleniumLibrary">
<arg>30s</arg>
<doc>Sets the implicit wait value used by Selenium.</doc>
<status status="PASS" starttime="20220319 13:10:45.624" endtime="20220319 13:10:45.626"/>
</kw>
<kw name="Set Screenshot Directory" library="SeleniumLibrary">
<arg>${EXECDIR}${/}Screenshot</arg>
<doc>Sets the directory for captured screenshots.</doc>
<status status="PASS" starttime="20220319 13:10:45.627" endtime="20220319 13:10:45.627"/>
</kw>
<kw name="Go To" library="SeleniumLibrary">
<arg>url=${URL}</arg>
<doc>Navigates the current browser window to the provided ``url``.</doc>
<msg timestamp="20220319 13:10:45.628" level="INFO">Opening url 'https://opensource-demo.orangehrmlive.com/'</msg>
<status status="PASS" starttime="20220319 13:10:45.627" endtime="20220319 13:10:57.158"/>
</kw>
<kw name="Capture Page Screenshot" library="SeleniumLibrary">
<doc>Takes a screenshot of the current page and embeds it into a log file.</doc>
<msg timestamp="20220319 13:10:57.723" level="INFO" html="true">&lt;/td&gt;&lt;/tr&gt;&lt;tr&gt;&lt;td colspan="3"&gt;&lt;a href="Screenshot/selenium-screenshot-27.png"&gt;&lt;img src="Screenshot/selenium-screenshot-27.png" width="800px"&gt;&lt;/a&gt;</msg>
<status status="PASS" starttime="20220319 13:10:57.159" endtime="20220319 13:10:57.723"/>
</kw>
<status status="PASS" starttime="20220319 13:10:41.677" endtime="20220319 13:10:57.723"/>
</kw>
<kw name="Verify InValid Credential Test">
<arg>Peter</arg>
<arg>peter123</arg>
<arg>Invalid credentials</arg>
<kw name="Enter Username" library="Login_page">
<arg>${username}</arg>
<kw name="Input Text" library="SeleniumLibrary">
<arg>${USER_NAME_LOCATOR}</arg>
<arg>${Username}</arg>
<doc>Types the given ``text`` into the text field identified by ``locator``.</doc>
<msg timestamp="20220319 13:10:57.726" level="INFO">Typing text 'Peter' into text field 'id=txtUsername'.</msg>
<status status="PASS" starttime="20220319 13:10:57.725" endtime="20220319 13:10:57.838"/>
</kw>
<status status="PASS" starttime="20220319 13:10:57.725" endtime="20220319 13:10:57.839"/>
</kw>
<kw name="Enter Password" library="Login_page">
<arg>${password}</arg>
<kw name="Input Password" library="SeleniumLibrary">
<arg>${PASSWORD_LOCATOR}</arg>
<arg>${password}</arg>
<doc>Types the given password into the text field identified by ``locator``.</doc>
<msg timestamp="20220319 13:10:57.840" level="INFO">Typing password into text field 'id=txtPassword'.</msg>
<msg timestamp="20220319 13:10:57.886" level="INFO">Temporally setting log level to: NONE</msg>
<msg timestamp="20220319 13:10:57.943" level="INFO">Log level changed from NONE to INFO.</msg>
<status status="PASS" starttime="20220319 13:10:57.839" endtime="20220319 13:10:57.943"/>
</kw>
<status status="PASS" starttime="20220319 13:10:57.839" endtime="20220319 13:10:57.944"/>
</kw>
<kw name="Click on Login" library="Login_page">
<arg>id=btnLogin</arg>
<kw name="Click Button" library="SeleniumLibrary">
<arg>${login_button}</arg>
<doc>Clicks the button identified by ``locator``.</doc>
<msg timestamp="20220319 13:10:57.945" level="INFO">Clicking button 'id=btnLogin'.</msg>
<status status="PASS" starttime="20220319 13:10:57.944" endtime="20220319 13:11:00.187"/>
</kw>
<status status="PASS" starttime="20220319 13:10:57.944" endtime="20220319 13:11:00.187"/>
</kw>
<kw name="Element Text Should Be" library="SeleniumLibrary">
<arg>id=spanMessage</arg>
<arg>${expected_error}</arg>
<doc>Verifies that element ``locator`` contains exact the text ``expected``.</doc>
<msg timestamp="20220319 13:11:00.188" level="INFO">Verifying element 'id=spanMessage' contains exact text 'Invalid credentials'.</msg>
<status status="PASS" starttime="20220319 13:11:00.188" endtime="20220319 13:11:00.227"/>
</kw>
<kw name="Close Browser" library="SeleniumLibrary">
<doc>Closes the current browser.</doc>
<status status="PASS" starttime="20220319 13:11:00.227" endtime="20220319 13:11:02.447"/>
</kw>
<status status="PASS" starttime="20220319 13:10:57.724" endtime="20220319 13:11:02.447"/>
</kw>
<kw name="Close Browser" library="SeleniumLibrary" type="TEARDOWN">
<doc>Closes the current browser.</doc>
<status status="PASS" starttime="20220319 13:11:02.449" endtime="20220319 13:11:02.449"/>
</kw>
<status status="PASS" starttime="20220319 13:10:41.675" endtime="20220319 13:11:02.450"/>
</test>
<test id="s1-t3" name="TC3">
<kw name="Launch Browser" library="CommonFunctionality" type="SETUP">
<if>
<branch type="IF" condition="'${BROWSER_NAME}'=='edge'">
<kw name="Set Local Variable" library="BuiltIn">
<arg>${driver_name}</arg>
<arg>msedgedriver.exe</arg>
<doc>Makes a variable available everywhere within the local scope.</doc>
<status status="NOT RUN" starttime="20220319 13:11:02.457" endtime="20220319 13:11:02.457"/>
</kw>
<status status="NOT RUN" starttime="20220319 13:11:02.457" endtime="20220319 13:11:02.458"/>
</branch>
<branch type="ELSE IF" condition="'${BROWSER_NAME}'== 'ff'">
<kw name="Set Local Variable" library="BuiltIn">
<arg>${driver_name}</arg>
<arg>geckodriver.exe</arg>
<doc>Makes a variable available everywhere within the local scope.</doc>
<status status="NOT RUN" starttime="20220319 13:11:02.458" endtime="20220319 13:11:02.458"/>
</kw>
<status status="NOT RUN" starttime="20220319 13:11:02.458" endtime="20220319 13:11:02.458"/>
</branch>
<branch type="ELSE">
<kw name="Set Local Variable" library="BuiltIn">
<arg>${driver_name}</arg>
<arg>chromedriver.exe</arg>
<doc>Makes a variable available everywhere within the local scope.</doc>
<msg timestamp="20220319 13:11:02.461" level="INFO">${driver_name} = chromedriver.exe</msg>
<status status="PASS" starttime="20220319 13:11:02.459" endtime="20220319 13:11:02.461"/>
</kw>
<status status="PASS" starttime="20220319 13:11:02.459" endtime="20220319 13:11:02.461"/>
</branch>
<status status="PASS" starttime="20220319 13:11:02.456" endtime="20220319 13:11:02.462"/>
</if>
<kw name="Open Browser" library="SeleniumLibrary">
<arg>browser=${BROWSER_NAME}</arg>
<arg>executable_path=${EXECDIR}${/}Driver${/}${driver_name}</arg>
<doc>Opens a new browser instance to the optional ``url``.</doc>
<msg timestamp="20220319 13:11:02.464" level="INFO">Opening browser 'chrome' to base url 'None'.</msg>
<status status="PASS" starttime="20220319 13:11:02.462" endtime="20220319 13:11:06.060"/>
</kw>
<kw name="Maximize Browser Window" library="SeleniumLibrary">
<doc>Maximizes current browser window.</doc>
<status status="PASS" starttime="20220319 13:11:06.061" endtime="20220319 13:11:06.185"/>
</kw>
<kw name="Set Selenium Implicit Wait" library="SeleniumLibrary">
<arg>30s</arg>
<doc>Sets the implicit wait value used by Selenium.</doc>
<status status="PASS" starttime="20220319 13:11:06.185" endtime="20220319 13:11:06.186"/>
</kw>
<kw name="Set Screenshot Directory" library="SeleniumLibrary">
<arg>${EXECDIR}${/}Screenshot</arg>
<doc>Sets the directory for captured screenshots.</doc>
<status status="PASS" starttime="20220319 13:11:06.186" endtime="20220319 13:11:06.187"/>
</kw>
<kw name="Go To" library="SeleniumLibrary">
<arg>url=${URL}</arg>
<doc>Navigates the current browser window to the provided ``url``.</doc>
<msg timestamp="20220319 13:11:06.187" level="INFO">Opening url 'https://opensource-demo.orangehrmlive.com/'</msg>
<status status="PASS" starttime="20220319 13:11:06.187" endtime="20220319 13:11:14.227"/>
</kw>
<kw name="Capture Page Screenshot" library="SeleniumLibrary">
<doc>Takes a screenshot of the current page and embeds it into a log file.</doc>
<msg timestamp="20220319 13:11:14.757" level="INFO" html="true">&lt;/td&gt;&lt;/tr&gt;&lt;tr&gt;&lt;td colspan="3"&gt;&lt;a href="Screenshot/selenium-screenshot-28.png"&gt;&lt;img src="Screenshot/selenium-screenshot-28.png" width="800px"&gt;&lt;/a&gt;</msg>
<status status="PASS" starttime="20220319 13:11:14.227" endtime="20220319 13:11:14.757"/>
</kw>
<status status="PASS" starttime="20220319 13:11:02.456" endtime="20220319 13:11:14.757"/>
</kw>
<kw name="Verify InValid Credential Test">
<arg>${EMPTY}</arg>
<arg>tina123</arg>
<arg>Username cannot be empty</arg>
<kw name="Enter Username" library="Login_page">
<arg>${username}</arg>
<kw name="Input Text" library="SeleniumLibrary">
<arg>${USER_NAME_LOCATOR}</arg>
<arg>${Username}</arg>
<doc>Types the given ``text`` into the text field identified by ``locator``.</doc>
<msg timestamp="20220319 13:11:14.759" level="INFO">Typing text '' into text field 'id=txtUsername'.</msg>
<status status="PASS" starttime="20220319 13:11:14.759" endtime="20220319 13:11:14.858"/>
</kw>
<status status="PASS" starttime="20220319 13:11:14.759" endtime="20220319 13:11:14.858"/>
</kw>
<kw name="Enter Password" library="Login_page">
<arg>${password}</arg>
<kw name="Input Password" library="SeleniumLibrary">
<arg>${PASSWORD_LOCATOR}</arg>
<arg>${password}</arg>
<doc>Types the given password into the text field identified by ``locator``.</doc>
<msg timestamp="20220319 13:11:14.860" level="INFO">Typing password into text field 'id=txtPassword'.</msg>
<msg timestamp="20220319 13:11:14.908" level="INFO">Temporally setting log level to: NONE</msg>
<msg timestamp="20220319 13:11:14.963" level="INFO">Log level changed from NONE to INFO.</msg>
<status status="PASS" starttime="20220319 13:11:14.859" endtime="20220319 13:11:14.963"/>
</kw>
<status status="PASS" starttime="20220319 13:11:14.858" endtime="20220319 13:11:14.963"/>
</kw>
<kw name="Click on Login" library="Login_page">
<arg>id=btnLogin</arg>
<kw name="Click Button" library="SeleniumLibrary">
<arg>${login_button}</arg>
<doc>Clicks the button identified by ``locator``.</doc>
<msg timestamp="20220319 13:11:14.965" level="INFO">Clicking button 'id=btnLogin'.</msg>
<status status="PASS" starttime="20220319 13:11:14.964" endtime="20220319 13:11:15.043"/>
</kw>
<status status="PASS" starttime="20220319 13:11:14.964" endtime="20220319 13:11:15.043"/>
</kw>
<kw name="Element Text Should Be" library="SeleniumLibrary">
<arg>id=spanMessage</arg>
<arg>${expected_error}</arg>
<doc>Verifies that element ``locator`` contains exact the text ``expected``.</doc>
<msg timestamp="20220319 13:11:15.043" level="INFO">Verifying element 'id=spanMessage' contains exact text 'Username cannot be empty'.</msg>
<status status="PASS" starttime="20220319 13:11:15.043" endtime="20220319 13:11:15.070"/>
</kw>
<kw name="Close Browser" library="SeleniumLibrary">
<doc>Closes the current browser.</doc>
<status status="PASS" starttime="20220319 13:11:15.070" endtime="20220319 13:11:17.305"/>
</kw>
<status status="PASS" starttime="20220319 13:11:14.758" endtime="20220319 13:11:17.306"/>
</kw>
<kw name="Close Browser" library="SeleniumLibrary" type="TEARDOWN">
<doc>Closes the current browser.</doc>
<status status="PASS" starttime="20220319 13:11:17.308" endtime="20220319 13:11:17.309"/>
</kw>
<status status="PASS" starttime="20220319 13:11:02.454" endtime="20220319 13:11:17.310"/>
</test>
<test id="s1-t4" name="TC4">
<kw name="Launch Browser" library="CommonFunctionality" type="SETUP">
<if>
<branch type="IF" condition="'${BROWSER_NAME}'=='edge'">
<kw name="Set Local Variable" library="BuiltIn">
<arg>${driver_name}</arg>
<arg>msedgedriver.exe</arg>
<doc>Makes a variable available everywhere within the local scope.</doc>
<status status="NOT RUN" starttime="20220319 13:11:17.321" endtime="20220319 13:11:17.321"/>
</kw>
<status status="NOT RUN" starttime="20220319 13:11:17.320" endtime="20220319 13:11:17.321"/>
</branch>
<branch type="ELSE IF" condition="'${BROWSER_NAME}'== 'ff'">
<kw name="Set Local Variable" library="BuiltIn">
<arg>${driver_name}</arg>
<arg>geckodriver.exe</arg>
<doc>Makes a variable available everywhere within the local scope.</doc>
<status status="NOT RUN" starttime="20220319 13:11:17.323" endtime="20220319 13:11:17.323"/>
</kw>
<status status="NOT RUN" starttime="20220319 13:11:17.322" endtime="20220319 13:11:17.323"/>
</branch>
<branch type="ELSE">
<kw name="Set Local Variable" library="BuiltIn">
<arg>${driver_name}</arg>
<arg>chromedriver.exe</arg>
<doc>Makes a variable available everywhere within the local scope.</doc>
<msg timestamp="20220319 13:11:17.330" level="INFO">${driver_name} = chromedriver.exe</msg>
<status status="PASS" starttime="20220319 13:11:17.325" endtime="20220319 13:11:17.330"/>
</kw>
<status status="PASS" starttime="20220319 13:11:17.324" endtime="20220319 13:11:17.330"/>
</branch>
<status status="PASS" starttime="20220319 13:11:17.319" endtime="20220319 13:11:17.331"/>
</if>
<kw name="Open Browser" library="SeleniumLibrary">
<arg>browser=${BROWSER_NAME}</arg>
<arg>executable_path=${EXECDIR}${/}Driver${/}${driver_name}</arg>
<doc>Opens a new browser instance to the optional ``url``.</doc>
<msg timestamp="20220319 13:11:17.332" level="INFO">Opening browser 'chrome' to base url 'None'.</msg>
<status status="PASS" starttime="20220319 13:11:17.331" endtime="20220319 13:11:19.110"/>
</kw>
<kw name="Maximize Browser Window" library="SeleniumLibrary">
<doc>Maximizes current browser window.</doc>
<status status="PASS" starttime="20220319 13:11:19.111" endtime="20220319 13:11:19.242"/>
</kw>
<kw name="Set Selenium Implicit Wait" library="SeleniumLibrary">
<arg>30s</arg>
<doc>Sets the implicit wait value used by Selenium.</doc>
<status status="PASS" starttime="20220319 13:11:19.242" endtime="20220319 13:11:19.244"/>
</kw>
<kw name="Set Screenshot Directory" library="SeleniumLibrary">
<arg>${EXECDIR}${/}Screenshot</arg>
<doc>Sets the directory for captured screenshots.</doc>
<status status="PASS" starttime="20220319 13:11:19.245" endtime="20220319 13:11:19.245"/>
</kw>
<kw name="Go To" library="SeleniumLibrary">
<arg>url=${URL}</arg>
<doc>Navigates the current browser window to the provided ``url``.</doc>
<msg timestamp="20220319 13:11:19.246" level="INFO">Opening url 'https://opensource-demo.orangehrmlive.com/'</msg>
<status status="PASS" starttime="20220319 13:11:19.245" endtime="20220319 13:11:32.295"/>
</kw>
<kw name="Capture Page Screenshot" library="SeleniumLibrary">
<doc>Takes a screenshot of the current page and embeds it into a log file.</doc>
<msg timestamp="20220319 13:11:32.883" level="INFO" html="true">&lt;/td&gt;&lt;/tr&gt;&lt;tr&gt;&lt;td colspan="3"&gt;&lt;a href="Screenshot/selenium-screenshot-29.png"&gt;&lt;img src="Screenshot/selenium-screenshot-29.png" width="800px"&gt;&lt;/a&gt;</msg>
<status status="PASS" starttime="20220319 13:11:32.296" endtime="20220319 13:11:32.884"/>
</kw>
<status status="PASS" starttime="20220319 13:11:17.318" endtime="20220319 13:11:32.884"/>
</kw>
<kw name="Verify InValid Credential Test">
<arg>sunny</arg>
<arg>${EMPTY}</arg>
<arg>Password cannot be empty</arg>
<kw name="Enter Username" library="Login_page">
<arg>${username}</arg>
<kw name="Input Text" library="SeleniumLibrary">
<arg>${USER_NAME_LOCATOR}</arg>
<arg>${Username}</arg>
<doc>Types the given ``text`` into the text field identified by ``locator``.</doc>
<msg timestamp="20220319 13:11:32.889" level="INFO">Typing text 'sunny' into text field 'id=txtUsername'.</msg>
<status status="PASS" starttime="20220319 13:11:32.888" endtime="20220319 13:11:33.027"/>
</kw>
<status status="PASS" starttime="20220319 13:11:32.887" endtime="20220319 13:11:33.027"/>
</kw>
<kw name="Enter Password" library="Login_page">
<arg>${password}</arg>
<kw name="Input Password" library="SeleniumLibrary">
<arg>${PASSWORD_LOCATOR}</arg>
<arg>${password}</arg>
<doc>Types the given password into the text field identified by ``locator``.</doc>
<msg timestamp="20220319 13:11:33.029" level="INFO">Typing password into text field 'id=txtPassword'.</msg>
<msg timestamp="20220319 13:11:33.080" level="INFO">Temporally setting log level to: NONE</msg>
<msg timestamp="20220319 13:11:33.118" level="INFO">Log level changed from NONE to INFO.</msg>
<status status="PASS" starttime="20220319 13:11:33.028" endtime="20220319 13:11:33.118"/>
</kw>
<status status="PASS" starttime="20220319 13:11:33.027" endtime="20220319 13:11:33.118"/>
</kw>
<kw name="Click on Login" library="Login_page">
<arg>id=btnLogin</arg>
<kw name="Click Button" library="SeleniumLibrary">
<arg>${login_button}</arg>
<doc>Clicks the button identified by ``locator``.</doc>
<msg timestamp="20220319 13:11:33.119" level="INFO">Clicking button 'id=btnLogin'.</msg>
<status status="PASS" starttime="20220319 13:11:33.119" endtime="20220319 13:11:33.191"/>
</kw>
<status status="PASS" starttime="20220319 13:11:33.119" endtime="20220319 13:11:33.191"/>
</kw>
<kw name="Element Text Should Be" library="SeleniumLibrary">
<arg>id=spanMessage</arg>
<arg>${expected_error}</arg>
<doc>Verifies that element ``locator`` contains exact the text ``expected``.</doc>
<msg timestamp="20220319 13:11:33.192" level="INFO">Verifying element 'id=spanMessage' contains exact text 'Password cannot be empty'.</msg>
<status status="PASS" starttime="20220319 13:11:33.191" endtime="20220319 13:11:33.222"/>
</kw>
<kw name="Close Browser" library="SeleniumLibrary">
<doc>Closes the current browser.</doc>
<status status="PASS" starttime="20220319 13:11:33.223" endtime="20220319 13:11:35.474"/>
</kw>
<status status="PASS" starttime="20220319 13:11:32.885" endtime="20220319 13:11:35.474"/>
</kw>
<kw name="Close Browser" library="SeleniumLibrary" type="TEARDOWN">
<doc>Closes the current browser.</doc>
<status status="PASS" starttime="20220319 13:11:35.475" endtime="20220319 13:11:35.475"/>
</kw>
<status status="PASS" starttime="20220319 13:11:17.316" endtime="20220319 13:11:35.476"/>
</test>
<doc>This suite will handle all the test cases related to invalid
credential test. Test case -TC_OH_3</doc>
<status status="PASS" starttime="20220319 13:10:26.280" endtime="20220319 13:11:35.479"/>
</suite>
<statistics>
<total>
<stat pass="4" fail="0" skip="0">All Tests</stat>
</total>
<tag>
</tag>
<suite>
<stat pass="4" fail="0" skip="0" id="s1" name="Verify Invalidcredentials Suite">Verify Invalidcredentials Suite</stat>
</suite>
</statistics>
<errors>
</errors>
</robot>
