<?xml version="1.0" encoding="UTF-8"?>
<robot generator="Robot 4.1.3 (Python 3.10.2 on win32)" generated="20220317 15:01:14.570" rpa="false" schemaversion="2">
<suite id="s1" name="Verify Invalidcredentials Suite" source="D:\Robot_Framework\Robot_Framework_Project\Login_Suite\verify_invalidcredentials_suite.robot">
<test id="s1-t1" name="TC1">
<kw name="Launch Browser" library="CommonFunctionality" type="SETUP">
<kw name="Open Browser" library="SeleniumLibrary">
<arg>browser=${BROWSER_NAME}</arg>
<arg>executable_path=${EXECDIR}${/}Driver${/}chromedriver.exe</arg>
<doc>Opens a new browser instance to the optional ``url``.</doc>
<msg timestamp="20220317 15:01:14.975" level="INFO">Opening browser 'chrome' to base url 'None'.</msg>
<status status="PASS" starttime="20220317 15:01:14.974" endtime="20220317 15:01:16.763"/>
</kw>
<kw name="Maximize Browser Window" library="SeleniumLibrary">
<doc>Maximizes current browser window.</doc>
<status status="PASS" starttime="20220317 15:01:16.763" endtime="20220317 15:01:16.891"/>
</kw>
<kw name="Set Selenium Implicit Wait" library="SeleniumLibrary">
<arg>30s</arg>
<doc>Sets the implicit wait value used by Selenium.</doc>
<status status="PASS" starttime="20220317 15:01:16.891" endtime="20220317 15:01:16.893"/>
</kw>
<kw name="Go To" library="SeleniumLibrary">
<arg>url=${URL}</arg>
<doc>Navigates the current browser window to the provided ``url``.</doc>
<msg timestamp="20220317 15:01:16.894" level="INFO">Opening url 'https://opensource-demo.orangehrmlive.com/'</msg>
<status status="PASS" starttime="20220317 15:01:16.893" endtime="20220317 15:01:28.094"/>
</kw>
<status status="PASS" starttime="20220317 15:01:14.973" endtime="20220317 15:01:28.094"/>
</kw>
<kw name="Verify InValid Credential Test">
<arg>John</arg>
<arg>john123</arg>
<arg>Invalid credentials</arg>
<kw name="Input Text" library="SeleniumLibrary">
<arg>id=txtUsername</arg>
<arg>${username}</arg>
<doc>Types the given ``text`` into the text field identified by ``locator``.</doc>
<msg timestamp="20220317 15:01:28.097" level="INFO">Typing text 'John' into text field 'id=txtUsername'.</msg>
<status status="PASS" starttime="20220317 15:01:28.096" endtime="20220317 15:01:28.226"/>
</kw>
<kw name="Input Password" library="SeleniumLibrary">
<arg>id=txtPassword</arg>
<arg>${password}</arg>
<doc>Types the given password into the text field identified by ``locator``.</doc>
<msg timestamp="20220317 15:01:28.227" level="INFO">Typing password into text field 'id=txtPassword'.</msg>
<msg timestamp="20220317 15:01:28.284" level="INFO">Temporally setting log level to: NONE</msg>
<msg timestamp="20220317 15:01:28.353" level="INFO">Log level changed from NONE to INFO.</msg>
<status status="PASS" starttime="20220317 15:01:28.226" endtime="20220317 15:01:28.353"/>
</kw>
<kw name="Click Button" library="SeleniumLibrary">
<arg>id=btnLogin</arg>
<doc>Clicks the button identified by ``locator``.</doc>
<msg timestamp="20220317 15:01:28.353" level="INFO">Clicking button 'id=btnLogin'.</msg>
<status status="PASS" starttime="20220317 15:01:28.353" endtime="20220317 15:01:30.442"/>
</kw>
<kw name="Element Text Should Be" library="SeleniumLibrary">
<arg>id=spanMessage</arg>
<arg>${expected_error}</arg>
<doc>Verifies that element ``locator`` contains exact the text ``expected``.</doc>
<msg timestamp="20220317 15:01:30.443" level="INFO">Verifying element 'id=spanMessage' contains exact text 'Invalid credentials'.</msg>
<status status="PASS" starttime="20220317 15:01:30.442" endtime="20220317 15:01:30.474"/>
</kw>
<kw name="Close Browser" library="SeleniumLibrary">
<doc>Closes the current browser.</doc>
<status status="PASS" starttime="20220317 15:01:30.474" endtime="20220317 15:01:32.701"/>
</kw>
<status status="PASS" starttime="20220317 15:01:28.095" endtime="20220317 15:01:32.701"/>
</kw>
<kw name="Close Browser" library="SeleniumLibrary" type="TEARDOWN">
<doc>Closes the current browser.</doc>
<status status="PASS" starttime="20220317 15:01:32.704" endtime="20220317 15:01:32.705"/>
</kw>
<status status="PASS" starttime="20220317 15:01:14.972" endtime="20220317 15:01:32.706"/>
</test>
<test id="s1-t2" name="TC2">
<kw name="Launch Browser" library="CommonFunctionality" type="SETUP">
<kw name="Open Browser" library="SeleniumLibrary">
<arg>browser=${BROWSER_NAME}</arg>
<arg>executable_path=${EXECDIR}${/}Driver${/}chromedriver.exe</arg>
<doc>Opens a new browser instance to the optional ``url``.</doc>
<msg timestamp="20220317 15:01:32.723" level="INFO">Opening browser 'chrome' to base url 'None'.</msg>
<status status="PASS" starttime="20220317 15:01:32.720" endtime="20220317 15:01:34.467"/>
</kw>
<kw name="Maximize Browser Window" library="SeleniumLibrary">
<doc>Maximizes current browser window.</doc>
<status status="PASS" starttime="20220317 15:01:34.467" endtime="20220317 15:01:34.585"/>
</kw>
<kw name="Set Selenium Implicit Wait" library="SeleniumLibrary">
<arg>30s</arg>
<doc>Sets the implicit wait value used by Selenium.</doc>
<status status="PASS" starttime="20220317 15:01:34.585" endtime="20220317 15:01:34.588"/>
</kw>
<kw name="Go To" library="SeleniumLibrary">
<arg>url=${URL}</arg>
<doc>Navigates the current browser window to the provided ``url``.</doc>
<msg timestamp="20220317 15:01:34.589" level="INFO">Opening url 'https://opensource-demo.orangehrmlive.com/'</msg>
<status status="PASS" starttime="20220317 15:01:34.588" endtime="20220317 15:01:46.209"/>
</kw>
<status status="PASS" starttime="20220317 15:01:32.716" endtime="20220317 15:01:46.209"/>
</kw>
<kw name="Verify InValid Credential Test">
<arg>Peter</arg>
<arg>peter123</arg>
<arg>Invalid credentials</arg>
<kw name="Input Text" library="SeleniumLibrary">
<arg>id=txtUsername</arg>
<arg>${username}</arg>
<doc>Types the given ``text`` into the text field identified by ``locator``.</doc>
<msg timestamp="20220317 15:01:46.211" level="INFO">Typing text 'Peter' into text field 'id=txtUsername'.</msg>
<status status="PASS" starttime="20220317 15:01:46.210" endtime="20220317 15:01:46.339"/>
</kw>
<kw name="Input Password" library="SeleniumLibrary">
<arg>id=txtPassword</arg>
<arg>${password}</arg>
<doc>Types the given password into the text field identified by ``locator``.</doc>
<msg timestamp="20220317 15:01:46.339" level="INFO">Typing password into text field 'id=txtPassword'.</msg>
<msg timestamp="20220317 15:01:46.396" level="INFO">Temporally setting log level to: NONE</msg>
<msg timestamp="20220317 15:01:46.472" level="INFO">Log level changed from NONE to INFO.</msg>
<status status="PASS" starttime="20220317 15:01:46.339" endtime="20220317 15:01:46.472"/>
</kw>
<kw name="Click Button" library="SeleniumLibrary">
<arg>id=btnLogin</arg>
<doc>Clicks the button identified by ``locator``.</doc>
<msg timestamp="20220317 15:01:46.473" level="INFO">Clicking button 'id=btnLogin'.</msg>
<status status="PASS" starttime="20220317 15:01:46.472" endtime="20220317 15:01:48.183"/>
</kw>
<kw name="Element Text Should Be" library="SeleniumLibrary">
<arg>id=spanMessage</arg>
<arg>${expected_error}</arg>
<doc>Verifies that element ``locator`` contains exact the text ``expected``.</doc>
<msg timestamp="20220317 15:01:48.185" level="INFO">Verifying element 'id=spanMessage' contains exact text 'Invalid credentials'.</msg>
<status status="PASS" starttime="20220317 15:01:48.183" endtime="20220317 15:01:48.233"/>
</kw>
<kw name="Close Browser" library="SeleniumLibrary">
<doc>Closes the current browser.</doc>
<status status="PASS" starttime="20220317 15:01:48.233" endtime="20220317 15:01:50.592"/>
</kw>
<status status="PASS" starttime="20220317 15:01:46.210" endtime="20220317 15:01:50.592"/>
</kw>
<kw name="Close Browser" library="SeleniumLibrary" type="TEARDOWN">
<doc>Closes the current browser.</doc>
<status status="PASS" starttime="20220317 15:01:50.595" endtime="20220317 15:01:50.595"/>
</kw>
<status status="PASS" starttime="20220317 15:01:32.711" endtime="20220317 15:01:50.596"/>
</test>
<test id="s1-t3" name="TC3">
<kw name="Launch Browser" library="CommonFunctionality" type="SETUP">
<kw name="Open Browser" library="SeleniumLibrary">
<arg>browser=${BROWSER_NAME}</arg>
<arg>executable_path=${EXECDIR}${/}Driver${/}chromedriver.exe</arg>
<doc>Opens a new browser instance to the optional ``url``.</doc>
<msg timestamp="20220317 15:01:50.609" level="INFO">Opening browser 'chrome' to base url 'None'.</msg>
<status status="PASS" starttime="20220317 15:01:50.606" endtime="20220317 15:01:52.207"/>
</kw>
<kw name="Maximize Browser Window" library="SeleniumLibrary">
<doc>Maximizes current browser window.</doc>
<status status="PASS" starttime="20220317 15:01:52.207" endtime="20220317 15:01:52.336"/>
</kw>
<kw name="Set Selenium Implicit Wait" library="SeleniumLibrary">
<arg>30s</arg>
<doc>Sets the implicit wait value used by Selenium.</doc>
<status status="PASS" starttime="20220317 15:01:52.337" endtime="20220317 15:01:52.338"/>
</kw>
<kw name="Go To" library="SeleniumLibrary">
<arg>url=${URL}</arg>
<doc>Navigates the current browser window to the provided ``url``.</doc>
<msg timestamp="20220317 15:01:52.339" level="INFO">Opening url 'https://opensource-demo.orangehrmlive.com/'</msg>
<status status="PASS" starttime="20220317 15:01:52.339" endtime="20220317 15:02:09.624"/>
</kw>
<status status="PASS" starttime="20220317 15:01:50.604" endtime="20220317 15:02:09.625"/>
</kw>
<kw name="Verify InValid Credential Test">
<arg>${EMPTY}</arg>
<arg>tina123</arg>
<arg>Username cannot be empty</arg>
<kw name="Input Text" library="SeleniumLibrary">
<arg>id=txtUsername</arg>
<arg>${username}</arg>
<doc>Types the given ``text`` into the text field identified by ``locator``.</doc>
<msg timestamp="20220317 15:02:09.628" level="INFO">Typing text '' into text field 'id=txtUsername'.</msg>
<status status="PASS" starttime="20220317 15:02:09.628" endtime="20220317 15:02:09.740"/>
</kw>
<kw name="Input Password" library="SeleniumLibrary">
<arg>id=txtPassword</arg>
<arg>${password}</arg>
<doc>Types the given password into the text field identified by ``locator``.</doc>
<msg timestamp="20220317 15:02:09.740" level="INFO">Typing password into text field 'id=txtPassword'.</msg>
<msg timestamp="20220317 15:02:09.796" level="INFO">Temporally setting log level to: NONE</msg>
<msg timestamp="20220317 15:02:09.864" level="INFO">Log level changed from NONE to INFO.</msg>
<status status="PASS" starttime="20220317 15:02:09.740" endtime="20220317 15:02:09.864"/>
</kw>
<kw name="Click Button" library="SeleniumLibrary">
<arg>id=btnLogin</arg>
<doc>Clicks the button identified by ``locator``.</doc>
<msg timestamp="20220317 15:02:09.864" level="INFO">Clicking button 'id=btnLogin'.</msg>
<status status="PASS" starttime="20220317 15:02:09.864" endtime="20220317 15:02:09.947"/>
</kw>
<kw name="Element Text Should Be" library="SeleniumLibrary">
<arg>id=spanMessage</arg>
<arg>${expected_error}</arg>
<doc>Verifies that element ``locator`` contains exact the text ``expected``.</doc>
<msg timestamp="20220317 15:02:09.948" level="INFO">Verifying element 'id=spanMessage' contains exact text 'Username cannot be empty'.</msg>
<status status="PASS" starttime="20220317 15:02:09.947" endtime="20220317 15:02:09.983"/>
</kw>
<kw name="Close Browser" library="SeleniumLibrary">
<doc>Closes the current browser.</doc>
<status status="PASS" starttime="20220317 15:02:09.983" endtime="20220317 15:02:12.192"/>
</kw>
<status status="PASS" starttime="20220317 15:02:09.626" endtime="20220317 15:02:12.193"/>
</kw>
<kw name="Close Browser" library="SeleniumLibrary" type="TEARDOWN">
<doc>Closes the current browser.</doc>
<status status="PASS" starttime="20220317 15:02:12.194" endtime="20220317 15:02:12.194"/>
</kw>
<status status="PASS" starttime="20220317 15:01:50.602" endtime="20220317 15:02:12.195"/>
</test>
<test id="s1-t4" name="TC4">
<kw name="Launch Browser" library="CommonFunctionality" type="SETUP">
<kw name="Open Browser" library="SeleniumLibrary">
<arg>browser=${BROWSER_NAME}</arg>
<arg>executable_path=${EXECDIR}${/}Driver${/}chromedriver.exe</arg>
<doc>Opens a new browser instance to the optional ``url``.</doc>
<msg timestamp="20220317 15:02:12.200" level="INFO">Opening browser 'chrome' to base url 'None'.</msg>
<status status="PASS" starttime="20220317 15:02:12.199" endtime="20220317 15:02:13.750"/>
</kw>
<kw name="Maximize Browser Window" library="SeleniumLibrary">
<doc>Maximizes current browser window.</doc>
<status status="PASS" starttime="20220317 15:02:13.751" endtime="20220317 15:02:13.889"/>
</kw>
<kw name="Set Selenium Implicit Wait" library="SeleniumLibrary">
<arg>30s</arg>
<doc>Sets the implicit wait value used by Selenium.</doc>
<status status="PASS" starttime="20220317 15:02:13.889" endtime="20220317 15:02:13.892"/>
</kw>
<kw name="Go To" library="SeleniumLibrary">
<arg>url=${URL}</arg>
<doc>Navigates the current browser window to the provided ``url``.</doc>
<msg timestamp="20220317 15:02:13.893" level="INFO">Opening url 'https://opensource-demo.orangehrmlive.com/'</msg>
<status status="PASS" starttime="20220317 15:02:13.892" endtime="20220317 15:02:29.367"/>
</kw>
<status status="PASS" starttime="20220317 15:02:12.198" endtime="20220317 15:02:29.368"/>
</kw>
<kw name="Verify InValid Credential Test">
<arg>sunny</arg>
<arg>${EMPTY}</arg>
<arg>Password cannot be empty</arg>
<kw name="Input Text" library="SeleniumLibrary">
<arg>id=txtUsername</arg>
<arg>${username}</arg>
<doc>Types the given ``text`` into the text field identified by ``locator``.</doc>
<msg timestamp="20220317 15:02:29.371" level="INFO">Typing text 'sunny' into text field 'id=txtUsername'.</msg>
<status status="PASS" starttime="20220317 15:02:29.370" endtime="20220317 15:02:29.495"/>
</kw>
<kw name="Input Password" library="SeleniumLibrary">
<arg>id=txtPassword</arg>
<arg>${password}</arg>
<doc>Types the given password into the text field identified by ``locator``.</doc>
<msg timestamp="20220317 15:02:29.496" level="INFO">Typing password into text field 'id=txtPassword'.</msg>
<msg timestamp="20220317 15:02:29.551" level="INFO">Temporally setting log level to: NONE</msg>
<msg timestamp="20220317 15:02:29.601" level="INFO">Log level changed from NONE to INFO.</msg>
<status status="PASS" starttime="20220317 15:02:29.495" endtime="20220317 15:02:29.601"/>
</kw>
<kw name="Click Button" library="SeleniumLibrary">
<arg>id=btnLogin</arg>
<doc>Clicks the button identified by ``locator``.</doc>
<msg timestamp="20220317 15:02:29.602" level="INFO">Clicking button 'id=btnLogin'.</msg>
<status status="PASS" starttime="20220317 15:02:29.602" endtime="20220317 15:02:29.696"/>
</kw>
<kw name="Element Text Should Be" library="SeleniumLibrary">
<arg>id=spanMessage</arg>
<arg>${expected_error}</arg>
<doc>Verifies that element ``locator`` contains exact the text ``expected``.</doc>
<msg timestamp="20220317 15:02:29.697" level="INFO">Verifying element 'id=spanMessage' contains exact text 'Password cannot be empty'.</msg>
<status status="PASS" starttime="20220317 15:02:29.696" endtime="20220317 15:02:29.738"/>
</kw>
<kw name="Close Browser" library="SeleniumLibrary">
<doc>Closes the current browser.</doc>
<status status="PASS" starttime="20220317 15:02:29.738" endtime="20220317 15:02:32.031"/>
</kw>
<status status="PASS" starttime="20220317 15:02:29.369" endtime="20220317 15:02:32.031"/>
</kw>
<kw name="Close Browser" library="SeleniumLibrary" type="TEARDOWN">
<doc>Closes the current browser.</doc>
<status status="PASS" starttime="20220317 15:02:32.033" endtime="20220317 15:02:32.034"/>
</kw>
<status status="PASS" starttime="20220317 15:02:12.197" endtime="20220317 15:02:32.035"/>
</test>
<doc>This suite will handle all the test cases related to invalid
credential test. Test case -TC_OH_3</doc>
<status status="PASS" starttime="20220317 15:01:14.573" endtime="20220317 15:02:32.041"/>
</suite>
<statistics>
<total>
<stat pass="4" fail="0" skip="0">All Tests</stat>
</total>
<tag>
</tag>
<suite>
<stat pass="4" fail="0" skip="0" id="s1" name="Verify Invalidcredentials Suite">Verify Invalidcredentials Suite</stat>
</suite>
</statistics>
<errors>
</errors>
</robot>
