<?xml version="1.0" encoding="UTF-8"?>
<robot generator="Robot 4.1.3 (Python 3.10.2 on win32)" generated="20220317 11:58:07.325" rpa="false" schemaversion="2">
<suite id="s1" name="Verify Validcredential Suite" source="D:\Robot_Framework\Robot_Framework_Project\Login_Suite\verify_validcredential_suite.robot">
<test id="s1-t1" name="Verify Valid Credential Test">
<kw name="Launch Browser" library="CommonFunctionality">
<kw name="Open Browser" library="SeleniumLibrary">
<arg>browser=chrome</arg>
<arg>executable_path=${EXECDIR}${/}Driver${/}chromedriver.exe</arg>
<doc>Opens a new browser instance to the optional ``url``.</doc>
<msg timestamp="20220317 11:58:07.732" level="INFO">Opening browser 'chrome' to base url 'None'.</msg>
<status status="PASS" starttime="20220317 11:58:07.732" endtime="20220317 11:58:11.475"/>
</kw>
<kw name="Maximize Browser Window" library="SeleniumLibrary">
<doc>Maximizes current browser window.</doc>
<status status="PASS" starttime="20220317 11:58:11.475" endtime="20220317 11:58:11.605"/>
</kw>
<kw name="Set Selenium Implicit Wait" library="SeleniumLibrary">
<arg>30s</arg>
<doc>Sets the implicit wait value used by Selenium.</doc>
<status status="PASS" starttime="20220317 11:58:11.605" endtime="20220317 11:58:11.606"/>
</kw>
<kw name="Go To" library="SeleniumLibrary">
<arg>url=https://opensource-demo.orangehrmlive.com/</arg>
<doc>Navigates the current browser window to the provided ``url``.</doc>
<msg timestamp="20220317 11:58:11.607" level="INFO">Opening url 'https://opensource-demo.orangehrmlive.com/'</msg>
<status status="PASS" starttime="20220317 11:58:11.606" endtime="20220317 11:58:15.703"/>
</kw>
<status status="PASS" starttime="20220317 11:58:07.731" endtime="20220317 11:58:15.703"/>
</kw>
<kw name="Input Text" library="SeleniumLibrary">
<arg>id=txtUsername</arg>
<arg>Admin</arg>
<doc>Types the given ``text`` into the text field identified by ``locator``.</doc>
<msg timestamp="20220317 11:58:15.704" level="INFO">Typing text 'Admin' into text field 'id=txtUsername'.</msg>
<status status="PASS" starttime="20220317 11:58:15.703" endtime="20220317 11:58:15.834"/>
</kw>
<kw name="Input Password" library="SeleniumLibrary">
<arg>id=txtPassword</arg>
<arg>admin123</arg>
<doc>Types the given password into the text field identified by ``locator``.</doc>
<msg timestamp="20220317 11:58:15.835" level="INFO">Typing password into text field 'id=txtPassword'.</msg>
<msg timestamp="20220317 11:58:15.898" level="INFO">Temporally setting log level to: NONE</msg>
<msg timestamp="20220317 11:58:15.958" level="INFO">Log level changed from NONE to INFO.</msg>
<status status="PASS" starttime="20220317 11:58:15.835" endtime="20220317 11:58:15.958"/>
</kw>
<kw name="Click Button" library="SeleniumLibrary">
<arg>id=btnLogin</arg>
<doc>Clicks the button identified by ``locator``.</doc>
<msg timestamp="20220317 11:58:15.960" level="INFO">Clicking button 'id=btnLogin'.</msg>
<status status="PASS" starttime="20220317 11:58:15.959" endtime="20220317 11:58:21.521"/>
</kw>
<kw name="Page Should Contain" library="SeleniumLibrary">
<arg>My Info</arg>
<doc>Verifies that current page contains ``text``.</doc>
<msg timestamp="20220317 11:58:21.545" level="INFO">Current page contains text 'My Info'.</msg>
<status status="PASS" starttime="20220317 11:58:21.521" endtime="20220317 11:58:21.545"/>
</kw>
<kw name="Close Browser" library="SeleniumLibrary">
<doc>Closes the current browser.</doc>
<status status="PASS" starttime="20220317 11:58:21.546" endtime="20220317 11:58:23.810"/>
</kw>
<status status="PASS" starttime="20220317 11:58:07.730" endtime="20220317 11:58:23.812"/>
</test>
<doc>This suite will handle all the test cases related to valid
credential test. Test case -TC_OH_2</doc>
<status status="PASS" starttime="20220317 11:58:07.328" endtime="20220317 11:58:23.820"/>
</suite>
<statistics>
<total>
<stat pass="1" fail="0" skip="0">All Tests</stat>
</total>
<tag>
</tag>
<suite>
<stat pass="1" fail="0" skip="0" id="s1" name="Verify Validcredential Suite">Verify Validcredential Suite</stat>
</suite>
</statistics>
<errors>
</errors>
</robot>
