<?xml version="1.0" encoding="UTF-8"?>
<robot generator="Robot 4.1.3 (Python 3.10.2 on win32)" generated="20220318 11:06:24.547" rpa="false" schemaversion="2">
<suite id="s1" name="Verify Validcredential Suite" source="D:\Robot_Framework\Robot_Framework_Project\Login_Suite\verify_validcredential_suite.robot">
<test id="s1-t1" name="Verify Valid Credential Test">
<kw name="Launch Browser" library="CommonFunctionality">
<if>
<branch type="IF" condition="'${BROWSER_NAME}'=='edge'">
<kw name="Set Local Variable" library="BuiltIn">
<arg>${driver_name}</arg>
<arg>msedgedriver.exe</arg>
<doc>Makes a variable available everywhere within the local scope.</doc>
<status status="NOT RUN" starttime="20220318 11:06:24.924" endtime="20220318 11:06:24.924"/>
</kw>
<status status="NOT RUN" starttime="20220318 11:06:24.923" endtime="20220318 11:06:24.924"/>
</branch>
<branch type="ELSE IF" condition="'${BROWSER_NAME}'== 'ff'">
<kw name="Set Local Variable" library="BuiltIn">
<arg>${driver_name}</arg>
<arg>geckodriver.exe</arg>
<doc>Makes a variable available everywhere within the local scope.</doc>
<status status="NOT RUN" starttime="20220318 11:06:24.924" endtime="20220318 11:06:24.924"/>
</kw>
<status status="NOT RUN" starttime="20220318 11:06:24.924" endtime="20220318 11:06:24.924"/>
</branch>
<branch type="ELSE">
<kw name="Set Local Variable" library="BuiltIn">
<arg>${driver_name}</arg>
<arg>chromedriver.exe</arg>
<doc>Makes a variable available everywhere within the local scope.</doc>
<msg timestamp="20220318 11:06:24.926" level="INFO">${driver_name} = chromedriver.exe</msg>
<status status="PASS" starttime="20220318 11:06:24.924" endtime="20220318 11:06:24.926"/>
</kw>
<status status="PASS" starttime="20220318 11:06:24.924" endtime="20220318 11:06:24.926"/>
</branch>
<status status="PASS" starttime="20220318 11:06:24.923" endtime="20220318 11:06:24.926"/>
</if>
<kw name="Open Browser" library="SeleniumLibrary">
<arg>browser=${BROWSER_NAME}</arg>
<arg>executable_path=${EXECDIR}${/}Driver${/}${driver_name}</arg>
<doc>Opens a new browser instance to the optional ``url``.</doc>
<msg timestamp="20220318 11:06:24.927" level="INFO">Opening browser 'chrome' to base url 'None'.</msg>
<status status="PASS" starttime="20220318 11:06:24.926" endtime="20220318 11:06:26.695"/>
</kw>
<kw name="Maximize Browser Window" library="SeleniumLibrary">
<doc>Maximizes current browser window.</doc>
<status status="PASS" starttime="20220318 11:06:26.696" endtime="20220318 11:06:26.828"/>
</kw>
<kw name="Set Selenium Implicit Wait" library="SeleniumLibrary">
<arg>30s</arg>
<doc>Sets the implicit wait value used by Selenium.</doc>
<status status="PASS" starttime="20220318 11:06:26.828" endtime="20220318 11:06:26.831"/>
</kw>
<kw name="Set Screenshot Directory" library="SeleniumLibrary">
<arg>${EXECDIR}${/}Screenshot</arg>
<doc>Sets the directory for captured screenshots.</doc>
<status status="PASS" starttime="20220318 11:06:26.831" endtime="20220318 11:06:26.832"/>
</kw>
<kw name="Go To" library="SeleniumLibrary">
<arg>url=${URL}</arg>
<doc>Navigates the current browser window to the provided ``url``.</doc>
<msg timestamp="20220318 11:06:26.833" level="INFO">Opening url 'https://opensource-demo.orangehrmlive.com/'</msg>
<status status="PASS" starttime="20220318 11:06:26.832" endtime="20220318 11:06:45.004"/>
</kw>
<kw name="Capture Page Screenshot" library="SeleniumLibrary">
<doc>Takes a screenshot of the current page and embeds it into a log file.</doc>
<msg timestamp="20220318 11:06:45.482" level="INFO" html="true">&lt;/td&gt;&lt;/tr&gt;&lt;tr&gt;&lt;td colspan="3"&gt;&lt;a href="Screenshot/selenium-screenshot-8.png"&gt;&lt;img src="Screenshot/selenium-screenshot-8.png" width="800px"&gt;&lt;/a&gt;</msg>
<status status="PASS" starttime="20220318 11:06:45.005" endtime="20220318 11:06:45.483"/>
</kw>
<status status="PASS" starttime="20220318 11:06:24.922" endtime="20220318 11:06:45.483"/>
</kw>
<kw name="Input Text" library="SeleniumLibrary">
<arg>id=txtUsername</arg>
<arg>Admin</arg>
<doc>Types the given ``text`` into the text field identified by ``locator``.</doc>
<msg timestamp="20220318 11:06:45.484" level="INFO">Typing text 'Admin' into text field 'id=txtUsername'.</msg>
<status status="PASS" starttime="20220318 11:06:45.484" endtime="20220318 11:06:45.615"/>
</kw>
<kw name="Input Password" library="SeleniumLibrary">
<arg>id=txtPassword</arg>
<arg>admin123</arg>
<doc>Types the given password into the text field identified by ``locator``.</doc>
<msg timestamp="20220318 11:06:45.616" level="INFO">Typing password into text field 'id=txtPassword'.</msg>
<msg timestamp="20220318 11:06:45.671" level="INFO">Temporally setting log level to: NONE</msg>
<msg timestamp="20220318 11:06:45.721" level="INFO">Log level changed from NONE to INFO.</msg>
<status status="PASS" starttime="20220318 11:06:45.615" endtime="20220318 11:06:45.721"/>
</kw>
<kw name="Click Button" library="SeleniumLibrary">
<arg>id=btnLogin</arg>
<doc>Clicks the button identified by ``locator``.</doc>
<msg timestamp="20220318 11:06:45.723" level="INFO">Clicking button 'id=btnLogin'.</msg>
<status status="PASS" starttime="20220318 11:06:45.723" endtime="20220318 11:06:53.308"/>
</kw>
<kw name="Page Should Contain" library="SeleniumLibrary">
<arg>My Info</arg>
<doc>Verifies that current page contains ``text``.</doc>
<msg timestamp="20220318 11:06:53.329" level="INFO">Current page contains text 'My Info'.</msg>
<status status="PASS" starttime="20220318 11:06:53.308" endtime="20220318 11:06:53.329"/>
</kw>
<kw name="Set Screenshot Directory" library="SeleniumLibrary">
<arg>${EXECDIR}${/}Screenshot</arg>
<doc>Sets the directory for captured screenshots.</doc>
<status status="PASS" starttime="20220318 11:06:53.329" endtime="20220318 11:06:53.330"/>
</kw>
<kw name="Close Browser" library="SeleniumLibrary">
<doc>Closes the current browser.</doc>
<status status="PASS" starttime="20220318 11:06:53.331" endtime="20220318 11:06:55.573"/>
</kw>
<kw name="Close Browser" library="SeleniumLibrary" type="TEARDOWN">
<doc>Closes the current browser.</doc>
<status status="PASS" starttime="20220318 11:06:55.575" endtime="20220318 11:06:55.575"/>
</kw>
<status status="PASS" starttime="20220318 11:06:24.921" endtime="20220318 11:06:55.575"/>
</test>
<doc>This suite will handle all the test cases related to valid
credential test. Test case -TC_OH_2</doc>
<status status="PASS" starttime="20220318 11:06:24.551" endtime="20220318 11:06:55.578"/>
</suite>
<statistics>
<total>
<stat pass="1" fail="0" skip="0">All Tests</stat>
</total>
<tag>
</tag>
<suite>
<stat pass="1" fail="0" skip="0" id="s1" name="Verify Validcredential Suite">Verify Validcredential Suite</stat>
</suite>
</statistics>
<errors>
</errors>
</robot>
