<?xml version="1.0" encoding="UTF-8"?>
<robot generator="Robot 4.1.3 (Python 3.10.2 on win32)" generated="20220317 12:33:25.301" rpa="false" schemaversion="2">
<suite id="s1" name="Verify Invalidcredentials Suite" source="D:\Robot_Framework\Robot_Framework_Project\Login_Suite\verify_invalidcredentials_suite.robot">
<test id="s1-t1" name="Verify Valid Credential Test">
<kw name="Launch Browser" library="CommonFunctionality">
<kw name="Open Browser" library="SeleniumLibrary">
<arg>browser=${BROWSER_NAME}</arg>
<arg>executable_path=${EXECDIR}${/}Driver${/}chromedriver.exe</arg>
<doc>Opens a new browser instance to the optional ``url``.</doc>
<msg timestamp="20220317 12:33:25.697" level="INFO">Opening browser 'chrome' to base url 'None'.</msg>
<status status="PASS" starttime="20220317 12:33:25.695" endtime="20220317 12:33:27.463"/>
</kw>
<kw name="Maximize Browser Window" library="SeleniumLibrary">
<doc>Maximizes current browser window.</doc>
<status status="PASS" starttime="20220317 12:33:27.463" endtime="20220317 12:33:27.587"/>
</kw>
<kw name="Set Selenium Implicit Wait" library="SeleniumLibrary">
<arg>30s</arg>
<doc>Sets the implicit wait value used by Selenium.</doc>
<status status="PASS" starttime="20220317 12:33:27.587" endtime="20220317 12:33:27.588"/>
</kw>
<kw name="Go To" library="SeleniumLibrary">
<arg>url=${URL}</arg>
<doc>Navigates the current browser window to the provided ``url``.</doc>
<msg timestamp="20220317 12:33:27.589" level="INFO">Opening url 'https://opensource-demo.orangehrmlive.com/'</msg>
<status status="PASS" starttime="20220317 12:33:27.588" endtime="20220317 12:33:36.972"/>
</kw>
<status status="PASS" starttime="20220317 12:33:25.695" endtime="20220317 12:33:36.972"/>
</kw>
<kw name="Input Text" library="SeleniumLibrary">
<arg>id=txtUsername</arg>
<arg>Adminabc</arg>
<doc>Types the given ``text`` into the text field identified by ``locator``.</doc>
<msg timestamp="20220317 12:33:36.973" level="INFO">Typing text 'Adminabc' into text field 'id=txtUsername'.</msg>
<status status="PASS" starttime="20220317 12:33:36.973" endtime="20220317 12:33:37.100"/>
</kw>
<kw name="Input Password" library="SeleniumLibrary">
<arg>id=txtPassword</arg>
<arg>admin123456</arg>
<doc>Types the given password into the text field identified by ``locator``.</doc>
<msg timestamp="20220317 12:33:37.102" level="INFO">Typing password into text field 'id=txtPassword'.</msg>
<msg timestamp="20220317 12:33:37.165" level="INFO">Temporally setting log level to: NONE</msg>
<msg timestamp="20220317 12:33:37.242" level="INFO">Log level changed from NONE to INFO.</msg>
<status status="PASS" starttime="20220317 12:33:37.101" endtime="20220317 12:33:37.242"/>
</kw>
<kw name="Click Button" library="SeleniumLibrary">
<arg>id=btnLogin</arg>
<doc>Clicks the button identified by ``locator``.</doc>
<msg timestamp="20220317 12:33:37.243" level="INFO">Clicking button 'id=btnLogin'.</msg>
<status status="PASS" starttime="20220317 12:33:37.243" endtime="20220317 12:33:39.151"/>
</kw>
<kw name="Page Should Contain Element" library="SeleniumLibrary">
<arg>id=spanMessage</arg>
<doc>Verifies that element ``locator`` is found on the current page.</doc>
<msg timestamp="20220317 12:33:39.170" level="INFO">Current page contains element 'id=spanMessage'.</msg>
<status status="PASS" starttime="20220317 12:33:39.151" endtime="20220317 12:33:39.170"/>
</kw>
<kw name="Close Browser" library="SeleniumLibrary">
<doc>Closes the current browser.</doc>
<status status="PASS" starttime="20220317 12:33:39.171" endtime="20220317 12:33:41.371"/>
</kw>
<kw name="Close Browser" library="SeleniumLibrary" type="TEARDOWN">
<doc>Closes the current browser.</doc>
<status status="PASS" starttime="20220317 12:33:41.376" endtime="20220317 12:33:41.377"/>
</kw>
<status status="PASS" starttime="20220317 12:33:25.694" endtime="20220317 12:33:41.379"/>
</test>
<doc>This suite will handle all the test cases related to invalid
credential test. Test case -TC_OH_3</doc>
<status status="PASS" starttime="20220317 12:33:25.303" endtime="20220317 12:33:41.387"/>
</suite>
<statistics>
<total>
<stat pass="1" fail="0" skip="0">All Tests</stat>
</total>
<tag>
</tag>
<suite>
<stat pass="1" fail="0" skip="0" id="s1" name="Verify Invalidcredentials Suite">Verify Invalidcredentials Suite</stat>
</suite>
</statistics>
<errors>
</errors>
</robot>
