<?xml version="1.0" encoding="UTF-8"?>
<robot generator="Robot 4.1.3 (Python 3.10.2 on win32)" generated="20220317 14:20:19.719" rpa="false" schemaversion="2">
<suite id="s1" name="Verify Invalidcredentials Suite" source="D:\Robot_Framework\Robot_Framework_Project\Login_Suite\verify_invalidcredentials_suite.robot">
<test id="s1-t1" name="TC1">
<kw name="Launch Browser" library="CommonFunctionality" type="SETUP">
<kw name="Open Browser" library="SeleniumLibrary">
<arg>browser=${BROWSER_NAME}</arg>
<arg>executable_path=${EXECDIR}${/}Driver${/}chromedriver.exe</arg>
<doc>Opens a new browser instance to the optional ``url``.</doc>
<msg timestamp="20220317 14:20:20.129" level="INFO">Opening browser 'chrome' to base url 'None'.</msg>
<status status="PASS" starttime="20220317 14:20:20.129" endtime="20220317 14:20:22.038"/>
</kw>
<kw name="Maximize Browser Window" library="SeleniumLibrary">
<doc>Maximizes current browser window.</doc>
<status status="PASS" starttime="20220317 14:20:22.039" endtime="20220317 14:20:22.177"/>
</kw>
<kw name="Set Selenium Implicit Wait" library="SeleniumLibrary">
<arg>30s</arg>
<doc>Sets the implicit wait value used by Selenium.</doc>
<status status="PASS" starttime="20220317 14:20:22.177" endtime="20220317 14:20:22.179"/>
</kw>
<kw name="Go To" library="SeleniumLibrary">
<arg>url=${URL}</arg>
<doc>Navigates the current browser window to the provided ``url``.</doc>
<msg timestamp="20220317 14:20:22.180" level="INFO">Opening url 'https://opensource-demo.orangehrmlive.com/'</msg>
<status status="PASS" starttime="20220317 14:20:22.179" endtime="20220317 14:20:38.768"/>
</kw>
<status status="PASS" starttime="20220317 14:20:20.128" endtime="20220317 14:20:38.768"/>
</kw>
<kw name="Verify InValid Credential Test">
<arg>John</arg>
<arg>john123</arg>
<arg>Invalid credentials</arg>
<kw name="Input Text" library="SeleniumLibrary">
<arg>id=txtUsername</arg>
<arg>${username}</arg>
<doc>Types the given ``text`` into the text field identified by ``locator``.</doc>
<msg timestamp="20220317 14:20:38.771" level="INFO">Typing text 'John' into text field 'id=txtUsername'.</msg>
<status status="PASS" starttime="20220317 14:20:38.770" endtime="20220317 14:20:38.894"/>
</kw>
<kw name="Input Password" library="SeleniumLibrary">
<arg>id=txtPassword</arg>
<arg>${password}</arg>
<doc>Types the given password into the text field identified by ``locator``.</doc>
<msg timestamp="20220317 14:20:38.895" level="INFO">Typing password into text field 'id=txtPassword'.</msg>
<msg timestamp="20220317 14:20:38.952" level="INFO">Temporally setting log level to: NONE</msg>
<msg timestamp="20220317 14:20:39.086" level="INFO">Log level changed from NONE to INFO.</msg>
<status status="PASS" starttime="20220317 14:20:38.894" endtime="20220317 14:20:39.086"/>
</kw>
<kw name="Click Button" library="SeleniumLibrary">
<arg>id=btnLogin</arg>
<doc>Clicks the button identified by ``locator``.</doc>
<msg timestamp="20220317 14:20:39.087" level="INFO">Clicking button 'id=btnLogin'.</msg>
<status status="PASS" starttime="20220317 14:20:39.086" endtime="20220317 14:20:40.793"/>
</kw>
<kw name="Element Text Should Be" library="SeleniumLibrary">
<arg>id=spanMessage</arg>
<arg>${expected_error}</arg>
<doc>Verifies that element ``locator`` contains exact the text ``expected``.</doc>
<msg timestamp="20220317 14:20:40.794" level="INFO">Verifying element 'id=spanMessage' contains exact text 'Invalid credentials'.</msg>
<status status="PASS" starttime="20220317 14:20:40.793" endtime="20220317 14:20:40.853"/>
</kw>
<kw name="Close Browser" library="SeleniumLibrary">
<doc>Closes the current browser.</doc>
<status status="PASS" starttime="20220317 14:20:40.854" endtime="20220317 14:20:43.064"/>
</kw>
<status status="PASS" starttime="20220317 14:20:38.769" endtime="20220317 14:20:43.065"/>
</kw>
<kw name="Close Browser" library="SeleniumLibrary" type="TEARDOWN">
<doc>Closes the current browser.</doc>
<status status="PASS" starttime="20220317 14:20:43.067" endtime="20220317 14:20:43.067"/>
</kw>
<status status="PASS" starttime="20220317 14:20:20.127" endtime="20220317 14:20:43.068"/>
</test>
<test id="s1-t2" name="TC2">
<kw name="Launch Browser" library="CommonFunctionality" type="SETUP">
<kw name="Open Browser" library="SeleniumLibrary">
<arg>browser=${BROWSER_NAME}</arg>
<arg>executable_path=${EXECDIR}${/}Driver${/}chromedriver.exe</arg>
<doc>Opens a new browser instance to the optional ``url``.</doc>
<msg timestamp="20220317 14:20:43.074" level="INFO">Opening browser 'chrome' to base url 'None'.</msg>
<status status="PASS" starttime="20220317 14:20:43.073" endtime="20220317 14:20:44.723"/>
</kw>
<kw name="Maximize Browser Window" library="SeleniumLibrary">
<doc>Maximizes current browser window.</doc>
<status status="PASS" starttime="20220317 14:20:44.723" endtime="20220317 14:20:44.857"/>
</kw>
<kw name="Set Selenium Implicit Wait" library="SeleniumLibrary">
<arg>30s</arg>
<doc>Sets the implicit wait value used by Selenium.</doc>
<status status="PASS" starttime="20220317 14:20:44.857" endtime="20220317 14:20:44.861"/>
</kw>
<kw name="Go To" library="SeleniumLibrary">
<arg>url=${URL}</arg>
<doc>Navigates the current browser window to the provided ``url``.</doc>
<msg timestamp="20220317 14:20:44.863" level="INFO">Opening url 'https://opensource-demo.orangehrmlive.com/'</msg>
<status status="PASS" starttime="20220317 14:20:44.862" endtime="20220317 14:20:55.452"/>
</kw>
<status status="PASS" starttime="20220317 14:20:43.072" endtime="20220317 14:20:55.453"/>
</kw>
<kw name="Verify InValid Credential Test">
<arg>Peter</arg>
<arg>peter123</arg>
<arg>Invalid credentials</arg>
<kw name="Input Text" library="SeleniumLibrary">
<arg>id=txtUsername</arg>
<arg>${username}</arg>
<doc>Types the given ``text`` into the text field identified by ``locator``.</doc>
<msg timestamp="20220317 14:20:55.455" level="INFO">Typing text 'Peter' into text field 'id=txtUsername'.</msg>
<status status="PASS" starttime="20220317 14:20:55.455" endtime="20220317 14:20:55.586"/>
</kw>
<kw name="Input Password" library="SeleniumLibrary">
<arg>id=txtPassword</arg>
<arg>${password}</arg>
<doc>Types the given password into the text field identified by ``locator``.</doc>
<msg timestamp="20220317 14:20:55.587" level="INFO">Typing password into text field 'id=txtPassword'.</msg>
<msg timestamp="20220317 14:20:55.643" level="INFO">Temporally setting log level to: NONE</msg>
<msg timestamp="20220317 14:20:55.729" level="INFO">Log level changed from NONE to INFO.</msg>
<status status="PASS" starttime="20220317 14:20:55.587" endtime="20220317 14:20:55.729"/>
</kw>
<kw name="Click Button" library="SeleniumLibrary">
<arg>id=btnLogin</arg>
<doc>Clicks the button identified by ``locator``.</doc>
<msg timestamp="20220317 14:20:55.730" level="INFO">Clicking button 'id=btnLogin'.</msg>
<status status="PASS" starttime="20220317 14:20:55.730" endtime="20220317 14:20:57.390"/>
</kw>
<kw name="Element Text Should Be" library="SeleniumLibrary">
<arg>id=spanMessage</arg>
<arg>${expected_error}</arg>
<doc>Verifies that element ``locator`` contains exact the text ``expected``.</doc>
<msg timestamp="20220317 14:20:57.392" level="INFO">Verifying element 'id=spanMessage' contains exact text 'Invalid credentials'.</msg>
<status status="PASS" starttime="20220317 14:20:57.391" endtime="20220317 14:20:57.440"/>
</kw>
<kw name="Close Browser" library="SeleniumLibrary">
<doc>Closes the current browser.</doc>
<status status="PASS" starttime="20220317 14:20:57.440" endtime="20220317 14:20:59.701"/>
</kw>
<status status="PASS" starttime="20220317 14:20:55.454" endtime="20220317 14:20:59.702"/>
</kw>
<kw name="Close Browser" library="SeleniumLibrary" type="TEARDOWN">
<doc>Closes the current browser.</doc>
<status status="PASS" starttime="20220317 14:20:59.705" endtime="20220317 14:20:59.706"/>
</kw>
<status status="PASS" starttime="20220317 14:20:43.071" endtime="20220317 14:20:59.707"/>
</test>
<doc>This suite will handle all the test cases related to invalid
credential test. Test case -TC_OH_3</doc>
<status status="PASS" starttime="20220317 14:20:19.722" endtime="20220317 14:20:59.716"/>
</suite>
<statistics>
<total>
<stat pass="2" fail="0" skip="0">All Tests</stat>
</total>
<tag>
</tag>
<suite>
<stat pass="2" fail="0" skip="0" id="s1" name="Verify Invalidcredentials Suite">Verify Invalidcredentials Suite</stat>
</suite>
</statistics>
<errors>
</errors>
</robot>
