<?xml version="1.0" encoding="UTF-8"?>
<robot generator="Robot 4.1.3 (Python 3.10.2 on win32)" generated="20220318 09:35:34.741" rpa="false" schemaversion="2">
<suite id="s1" name="Verify Membership Suite" source="D:\Robot_Framework\Robot_Framework_Project\My_Info_Suite\Verify_Membership_Suite.robot">
<test id="s1-t1" name="Add Membership">
<kw name="Launch Browser" library="CommonFunctionality" type="SETUP">
<kw name="Open Browser" library="SeleniumLibrary">
<arg>browser=${BROWSER_NAME}</arg>
<arg>executable_path=${EXECDIR}${/}Driver${/}chromedriver.exe</arg>
<doc>Opens a new browser instance to the optional ``url``.</doc>
<msg timestamp="20220318 09:35:57.353" level="INFO">Opening browser 'chrome' to base url 'None'.</msg>
<status status="PASS" starttime="20220318 09:35:57.353" endtime="20220318 09:36:10.689"/>
</kw>
<kw name="Maximize Browser Window" library="SeleniumLibrary">
<doc>Maximizes current browser window.</doc>
<status status="PASS" starttime="20220318 09:36:10.689" endtime="20220318 09:36:10.881"/>
</kw>
<kw name="Set Selenium Implicit Wait" library="SeleniumLibrary">
<arg>30s</arg>
<doc>Sets the implicit wait value used by Selenium.</doc>
<status status="PASS" starttime="20220318 09:36:10.881" endtime="20220318 09:36:10.892"/>
</kw>
<kw name="Go To" library="SeleniumLibrary">
<arg>url=${URL}</arg>
<doc>Navigates the current browser window to the provided ``url``.</doc>
<msg timestamp="20220318 09:36:10.892" level="INFO">Opening url 'https://opensource-demo.orangehrmlive.com/'</msg>
<status status="PASS" starttime="20220318 09:36:10.892" endtime="20220318 09:36:28.109"/>
</kw>
<status status="PASS" starttime="20220318 09:35:57.353" endtime="20220318 09:36:28.110"/>
</kw>
<kw name="Verify Add Membership">
<arg>Admin</arg>
<arg>admin123</arg>
<arg>${membership}</arg>
<arg>${paid_by}</arg>
<arg>${amount}</arg>
<msg timestamp="20220318 09:36:28.124" level="FAIL">Variable '${membership}' not found.</msg>
<status status="FAIL" starttime="20220318 09:36:28.114" endtime="20220318 09:36:28.124"/>
</kw>
<kw name="Close Browser" library="SeleniumLibrary" type="TEARDOWN">
<doc>Closes the current browser.</doc>
<status status="PASS" starttime="20220318 09:36:28.124" endtime="20220318 09:36:31.051"/>
</kw>
<status status="FAIL" starttime="20220318 09:35:57.343" endtime="20220318 09:36:31.053">Variable '${membership}' not found.</status>
</test>
<test id="s1-t2" name="Add Membership">
<kw name="Launch Browser" library="CommonFunctionality" type="SETUP">
<kw name="Open Browser" library="SeleniumLibrary">
<arg>browser=${BROWSER_NAME}</arg>
<arg>executable_path=${EXECDIR}${/}Driver${/}chromedriver.exe</arg>
<doc>Opens a new browser instance to the optional ``url``.</doc>
<msg timestamp="20220318 09:36:31.083" level="INFO">Opening browser 'chrome' to base url 'None'.</msg>
<status status="PASS" starttime="20220318 09:36:31.074" endtime="20220318 09:36:45.203"/>
</kw>
<kw name="Maximize Browser Window" library="SeleniumLibrary">
<doc>Maximizes current browser window.</doc>
<status status="PASS" starttime="20220318 09:36:45.203" endtime="20220318 09:36:45.335"/>
</kw>
<kw name="Set Selenium Implicit Wait" library="SeleniumLibrary">
<arg>30s</arg>
<doc>Sets the implicit wait value used by Selenium.</doc>
<status status="PASS" starttime="20220318 09:36:45.335" endtime="20220318 09:36:45.336"/>
</kw>
<kw name="Go To" library="SeleniumLibrary">
<arg>url=${URL}</arg>
<doc>Navigates the current browser window to the provided ``url``.</doc>
<msg timestamp="20220318 09:36:45.337" level="INFO">Opening url 'https://opensource-demo.orangehrmlive.com/'</msg>
<status status="PASS" starttime="20220318 09:36:45.336" endtime="20220318 09:37:02.482"/>
</kw>
<status status="PASS" starttime="20220318 09:36:31.074" endtime="20220318 09:37:02.482"/>
</kw>
<kw name="Verify Add Membership">
<arg>Admin</arg>
<arg>admin123</arg>
<arg>${membership}</arg>
<arg>${paid_by}</arg>
<arg>${amount}</arg>
<msg timestamp="20220318 09:37:02.485" level="FAIL">Variable '${membership}' not found.</msg>
<status status="FAIL" starttime="20220318 09:37:02.483" endtime="20220318 09:37:02.485"/>
</kw>
<kw name="Close Browser" library="SeleniumLibrary" type="TEARDOWN">
<doc>Closes the current browser.</doc>
<status status="PASS" starttime="20220318 09:37:02.486" endtime="20220318 09:37:05.785"/>
</kw>
<status status="FAIL" starttime="20220318 09:36:31.065" endtime="20220318 09:37:05.788">Variable '${membership}' not found.</status>
</test>
<test id="s1-t3" name="Add Membership">
<kw name="Launch Browser" library="CommonFunctionality" type="SETUP">
<kw name="Open Browser" library="SeleniumLibrary">
<arg>browser=${BROWSER_NAME}</arg>
<arg>executable_path=${EXECDIR}${/}Driver${/}chromedriver.exe</arg>
<doc>Opens a new browser instance to the optional ``url``.</doc>
<msg timestamp="20220318 09:37:05.823" level="INFO">Opening browser 'chrome' to base url 'None'.</msg>
<status status="PASS" starttime="20220318 09:37:05.820" endtime="20220318 09:37:11.084"/>
</kw>
<kw name="Maximize Browser Window" library="SeleniumLibrary">
<doc>Maximizes current browser window.</doc>
<status status="PASS" starttime="20220318 09:37:11.085" endtime="20220318 09:37:11.205"/>
</kw>
<kw name="Set Selenium Implicit Wait" library="SeleniumLibrary">
<arg>30s</arg>
<doc>Sets the implicit wait value used by Selenium.</doc>
<status status="PASS" starttime="20220318 09:37:11.205" endtime="20220318 09:37:11.208"/>
</kw>
<kw name="Go To" library="SeleniumLibrary">
<arg>url=${URL}</arg>
<doc>Navigates the current browser window to the provided ``url``.</doc>
<msg timestamp="20220318 09:37:11.209" level="INFO">Opening url 'https://opensource-demo.orangehrmlive.com/'</msg>
<status status="PASS" starttime="20220318 09:37:11.208" endtime="20220318 09:37:23.599"/>
</kw>
<status status="PASS" starttime="20220318 09:37:05.818" endtime="20220318 09:37:23.599"/>
</kw>
<kw name="Verify Add Membership">
<arg>Admin</arg>
<arg>admin123</arg>
<arg>${membership}</arg>
<arg>${paid_by}</arg>
<arg>${amount}</arg>
<msg timestamp="20220318 09:37:23.604" level="FAIL">Variable '${membership}' not found.</msg>
<status status="FAIL" starttime="20220318 09:37:23.601" endtime="20220318 09:37:23.604"/>
</kw>
<kw name="Close Browser" library="SeleniumLibrary" type="TEARDOWN">
<doc>Closes the current browser.</doc>
<status status="PASS" starttime="20220318 09:37:23.605" endtime="20220318 09:37:26.742"/>
</kw>
<status status="FAIL" starttime="20220318 09:37:05.806" endtime="20220318 09:37:26.746">Variable '${membership}' not found.</status>
</test>
<test id="s1-t4" name="Add Membership">
<kw name="Launch Browser" library="CommonFunctionality" type="SETUP">
<kw name="Open Browser" library="SeleniumLibrary">
<arg>browser=${BROWSER_NAME}</arg>
<arg>executable_path=${EXECDIR}${/}Driver${/}chromedriver.exe</arg>
<doc>Opens a new browser instance to the optional ``url``.</doc>
<msg timestamp="20220318 09:37:26.775" level="INFO">Opening browser 'chrome' to base url 'None'.</msg>
<status status="PASS" starttime="20220318 09:37:26.771" endtime="20220318 09:37:35.031"/>
</kw>
<kw name="Maximize Browser Window" library="SeleniumLibrary">
<doc>Maximizes current browser window.</doc>
<status status="PASS" starttime="20220318 09:37:35.032" endtime="20220318 09:37:35.162"/>
</kw>
<kw name="Set Selenium Implicit Wait" library="SeleniumLibrary">
<arg>30s</arg>
<doc>Sets the implicit wait value used by Selenium.</doc>
<status status="PASS" starttime="20220318 09:37:35.162" endtime="20220318 09:37:35.162"/>
</kw>
<kw name="Go To" library="SeleniumLibrary">
<arg>url=${URL}</arg>
<doc>Navigates the current browser window to the provided ``url``.</doc>
<msg timestamp="20220318 09:37:35.162" level="INFO">Opening url 'https://opensource-demo.orangehrmlive.com/'</msg>
<status status="PASS" starttime="20220318 09:37:35.162" endtime="20220318 09:37:51.303"/>
</kw>
<status status="PASS" starttime="20220318 09:37:26.769" endtime="20220318 09:37:51.306"/>
</kw>
<kw name="Verify Add Membership">
<arg>Admin</arg>
<arg>admin123</arg>
<arg>${membership}</arg>
<arg>${paid_by}</arg>
<arg>${amount}</arg>
<msg timestamp="20220318 09:37:51.310" level="FAIL">Variable '${membership}' not found.</msg>
<status status="FAIL" starttime="20220318 09:37:51.307" endtime="20220318 09:37:51.310"/>
</kw>
<kw name="Close Browser" library="SeleniumLibrary" type="TEARDOWN">
<doc>Closes the current browser.</doc>
<status status="PASS" starttime="20220318 09:37:51.311" endtime="20220318 09:37:54.170"/>
</kw>
<status status="FAIL" starttime="20220318 09:37:26.754" endtime="20220318 09:37:54.175">Variable '${membership}' not found.</status>
</test>
<test id="s1-t5" name="Add Membership">
<kw name="Launch Browser" library="CommonFunctionality" type="SETUP">
<kw name="Open Browser" library="SeleniumLibrary">
<arg>browser=${BROWSER_NAME}</arg>
<arg>executable_path=${EXECDIR}${/}Driver${/}chromedriver.exe</arg>
<doc>Opens a new browser instance to the optional ``url``.</doc>
<msg timestamp="20220318 09:37:54.221" level="INFO">Opening browser 'chrome' to base url 'None'.</msg>
<status status="PASS" starttime="20220318 09:37:54.217" endtime="20220318 09:37:56.298"/>
</kw>
<kw name="Maximize Browser Window" library="SeleniumLibrary">
<doc>Maximizes current browser window.</doc>
<status status="PASS" starttime="20220318 09:37:56.299" endtime="20220318 09:37:56.444"/>
</kw>
<kw name="Set Selenium Implicit Wait" library="SeleniumLibrary">
<arg>30s</arg>
<doc>Sets the implicit wait value used by Selenium.</doc>
<status status="PASS" starttime="20220318 09:37:56.444" endtime="20220318 09:37:56.446"/>
</kw>
<kw name="Go To" library="SeleniumLibrary">
<arg>url=${URL}</arg>
<doc>Navigates the current browser window to the provided ``url``.</doc>
<msg timestamp="20220318 09:37:56.447" level="INFO">Opening url 'https://opensource-demo.orangehrmlive.com/'</msg>
<status status="PASS" starttime="20220318 09:37:56.447" endtime="20220318 09:38:08.790"/>
</kw>
<status status="PASS" starttime="20220318 09:37:54.215" endtime="20220318 09:38:08.790"/>
</kw>
<kw name="Verify Add Membership">
<arg>Admin</arg>
<arg>admin123</arg>
<arg>${membership}</arg>
<arg>${paid_by}</arg>
<arg>${amount}</arg>
<msg timestamp="20220318 09:38:08.795" level="FAIL">Variable '${membership}' not found.</msg>
<status status="FAIL" starttime="20220318 09:38:08.791" endtime="20220318 09:38:08.795"/>
</kw>
<kw name="Close Browser" library="SeleniumLibrary" type="TEARDOWN">
<doc>Closes the current browser.</doc>
<status status="PASS" starttime="20220318 09:38:08.797" endtime="20220318 09:38:11.969"/>
</kw>
<status status="FAIL" starttime="20220318 09:37:54.194" endtime="20220318 09:38:11.970">Variable '${membership}' not found.</status>
</test>
<doc>This documentation is related to Verify Membership</doc>
<status status="FAIL" starttime="20220318 09:35:34.744" endtime="20220318 09:38:11.974"/>
</suite>
<statistics>
<total>
<stat pass="0" fail="5" skip="0">All Tests</stat>
</total>
<tag>
</tag>
<suite>
<stat pass="0" fail="5" skip="0" id="s1" name="Verify Membership Suite">Verify Membership Suite</stat>
</suite>
</statistics>
<errors>
<msg timestamp="20220318 09:36:31.053" level="WARN">Multiple test cases with name 'Add Membership' executed in test suite 'Verify Membership Suite'.</msg>
<msg timestamp="20220318 09:37:05.804" level="WARN">Multiple test cases with name 'Add Membership' executed in test suite 'Verify Membership Suite'.</msg>
<msg timestamp="20220318 09:37:26.753" level="WARN">Multiple test cases with name 'Add Membership' executed in test suite 'Verify Membership Suite'.</msg>
<msg timestamp="20220318 09:37:54.186" level="WARN">Multiple test cases with name 'Add Membership' executed in test suite 'Verify Membership Suite'.</msg>
</errors>
</robot>
