<?xml version="1.0" encoding="UTF-8"?>
<robot generator="Robot 4.1.3 (Python 3.10.2 on win32)" generated="20220317 16:53:00.555" rpa="false" schemaversion="2">
<suite id="s1" name="Verify Emergency Contact Suite" source="D:\Robot_Framework\Robot_Framework_Project\My_Info_Suite\Verify_Emergency_Contact_Suite.robot">
<test id="s1-t1" name="TC1">
<kw name="Launch Browser" library="CommonFunctionality" type="SETUP">
<kw name="Open Browser" library="SeleniumLibrary">
<arg>browser=${BROWSER_NAME}</arg>
<arg>executable_path=${EXECDIR}${/}Driver${/}chromedriver.exe</arg>
<doc>Opens a new browser instance to the optional ``url``.</doc>
<msg timestamp="20220317 16:53:07.679" level="INFO">Opening browser 'chrome' to base url 'None'.</msg>
<status status="PASS" starttime="20220317 16:53:07.675" endtime="20220317 16:53:11.512"/>
</kw>
<kw name="Maximize Browser Window" library="SeleniumLibrary">
<doc>Maximizes current browser window.</doc>
<status status="PASS" starttime="20220317 16:53:11.512" endtime="20220317 16:53:11.646"/>
</kw>
<kw name="Set Selenium Implicit Wait" library="SeleniumLibrary">
<arg>30s</arg>
<doc>Sets the implicit wait value used by Selenium.</doc>
<status status="PASS" starttime="20220317 16:53:11.646" endtime="20220317 16:53:11.647"/>
</kw>
<kw name="Go To" library="SeleniumLibrary">
<arg>url=${URL}</arg>
<doc>Navigates the current browser window to the provided ``url``.</doc>
<msg timestamp="20220317 16:53:11.649" level="INFO">Opening url 'https://opensource-demo.orangehrmlive.com/'</msg>
<status status="PASS" starttime="20220317 16:53:11.647" endtime="20220317 16:53:16.362"/>
</kw>
<status status="PASS" starttime="20220317 16:53:07.671" endtime="20220317 16:53:16.363"/>
</kw>
<kw name="Verify Add Emergency Contact">
<arg>Admin</arg>
<arg>admin123</arg>
<arg>Ananda</arg>
<arg>Brother</arg>
<arg>9988</arg>
<kw name="Input Text" library="SeleniumLibrary">
<arg>id=txtUsername</arg>
<arg>${username}</arg>
<doc>Types the given ``text`` into the text field identified by ``locator``.</doc>
<msg timestamp="20220317 16:53:16.367" level="INFO">Typing text 'Admin' into text field 'id=txtUsername'.</msg>
<status status="PASS" starttime="20220317 16:53:16.366" endtime="20220317 16:53:16.497"/>
</kw>
<kw name="Input Password" library="SeleniumLibrary">
<arg>id=txtPassword</arg>
<arg>${password}</arg>
<doc>Types the given password into the text field identified by ``locator``.</doc>
<msg timestamp="20220317 16:53:16.498" level="INFO">Typing password into text field 'id=txtPassword'.</msg>
<msg timestamp="20220317 16:53:16.555" level="INFO">Temporally setting log level to: NONE</msg>
<msg timestamp="20220317 16:53:16.642" level="INFO">Log level changed from NONE to INFO.</msg>
<status status="PASS" starttime="20220317 16:53:16.497" endtime="20220317 16:53:16.642"/>
</kw>
<kw name="Click Button" library="SeleniumLibrary">
<arg>id=btnLogin</arg>
<doc>Clicks the button identified by ``locator``.</doc>
<msg timestamp="20220317 16:53:16.642" level="INFO">Clicking button 'id=btnLogin'.</msg>
<status status="PASS" starttime="20220317 16:53:16.642" endtime="20220317 16:53:21.956"/>
</kw>
<kw name="Click Element" library="SeleniumLibrary">
<arg>link=My Info</arg>
<doc>Click the element identified by ``locator``.</doc>
<msg timestamp="20220317 16:53:21.957" level="INFO">Clicking element 'link=My Info'.</msg>
<status status="PASS" starttime="20220317 16:53:21.956" endtime="20220317 16:53:24.255"/>
</kw>
<kw name="Click Element" library="SeleniumLibrary">
<arg>Link=Emergency Contacts</arg>
<doc>Click the element identified by ``locator``.</doc>
<msg timestamp="20220317 16:53:24.257" level="INFO">Clicking element 'Link=Emergency Contacts'.</msg>
<status status="PASS" starttime="20220317 16:53:24.255" endtime="20220317 16:53:25.829"/>
</kw>
<kw name="Click Element" library="SeleniumLibrary">
<arg>xpath=//*[@id="btnAddContact"]</arg>
<doc>Click the element identified by ``locator``.</doc>
<msg timestamp="20220317 16:53:25.831" level="INFO">Clicking element 'xpath=//*[@id="btnAddContact"]'.</msg>
<status status="PASS" starttime="20220317 16:53:25.830" endtime="20220317 16:53:25.963"/>
</kw>
<kw name="Input Text" library="SeleniumLibrary">
<arg>xpath=//*[@id="emgcontacts_name"]</arg>
<arg>${emergency_cont_name}</arg>
<doc>Types the given ``text`` into the text field identified by ``locator``.</doc>
<msg timestamp="20220317 16:53:25.966" level="INFO">Typing text 'Ananda' into text field 'xpath=//*[@id="emgcontacts_name"]'.</msg>
<status status="PASS" starttime="20220317 16:53:25.964" endtime="20220317 16:53:26.168"/>
</kw>
<kw name="Input Text" library="SeleniumLibrary">
<arg>id=emgcontacts_relationship</arg>
<arg>${relationship}</arg>
<doc>Types the given ``text`` into the text field identified by ``locator``.</doc>
<msg timestamp="20220317 16:53:26.169" level="INFO">Typing text 'Brother' into text field 'id=emgcontacts_relationship'.</msg>
<status status="PASS" starttime="20220317 16:53:26.169" endtime="20220317 16:53:26.373"/>
</kw>
<kw name="Input Text" library="SeleniumLibrary">
<arg>id=emgcontacts_homePhone</arg>
<arg>${Home_phone}</arg>
<doc>Types the given ``text`` into the text field identified by ``locator``.</doc>
<msg timestamp="20220317 16:53:26.373" level="INFO">Typing text '9988' into text field 'id=emgcontacts_homePhone'.</msg>
<status status="PASS" starttime="20220317 16:53:26.373" endtime="20220317 16:53:26.491"/>
</kw>
<kw name="Click Button" library="SeleniumLibrary">
<arg>id=btnSaveEContact</arg>
<doc>Clicks the button identified by ``locator``.</doc>
<msg timestamp="20220317 16:53:26.492" level="INFO">Clicking button 'id=btnSaveEContact'.</msg>
<status status="PASS" starttime="20220317 16:53:26.492" endtime="20220317 16:53:28.341"/>
</kw>
<kw name="Table Should Contain" library="SeleniumLibrary">
<arg>id=emgcontact_list</arg>
<arg>${emergency_cont_name}</arg>
<doc>Verifies table contains text ``expected``.</doc>
<status status="PASS" starttime="20220317 16:53:28.342" endtime="20220317 16:53:28.942"/>
</kw>
<status status="PASS" starttime="20220317 16:53:16.364" endtime="20220317 16:53:28.942"/>
</kw>
<kw name="Close Browser" library="SeleniumLibrary" type="TEARDOWN">
<doc>Closes the current browser.</doc>
<status status="PASS" starttime="20220317 16:53:28.942" endtime="20220317 16:53:31.177"/>
</kw>
<status status="PASS" starttime="20220317 16:53:07.666" endtime="20220317 16:53:31.178"/>
</test>
<test id="s1-t2" name="TC1">
<kw name="Launch Browser" library="CommonFunctionality" type="SETUP">
<kw name="Open Browser" library="SeleniumLibrary">
<arg>browser=${BROWSER_NAME}</arg>
<arg>executable_path=${EXECDIR}${/}Driver${/}chromedriver.exe</arg>
<doc>Opens a new browser instance to the optional ``url``.</doc>
<msg timestamp="20220317 16:53:31.199" level="INFO">Opening browser 'chrome' to base url 'None'.</msg>
<status status="PASS" starttime="20220317 16:53:31.190" endtime="20220317 16:53:35.488"/>
</kw>
<kw name="Maximize Browser Window" library="SeleniumLibrary">
<doc>Maximizes current browser window.</doc>
<status status="PASS" starttime="20220317 16:53:35.488" endtime="20220317 16:53:35.627"/>
</kw>
<kw name="Set Selenium Implicit Wait" library="SeleniumLibrary">
<arg>30s</arg>
<doc>Sets the implicit wait value used by Selenium.</doc>
<status status="PASS" starttime="20220317 16:53:35.627" endtime="20220317 16:53:35.628"/>
</kw>
<kw name="Go To" library="SeleniumLibrary">
<arg>url=${URL}</arg>
<doc>Navigates the current browser window to the provided ``url``.</doc>
<msg timestamp="20220317 16:53:35.628" level="INFO">Opening url 'https://opensource-demo.orangehrmlive.com/'</msg>
<status status="PASS" starttime="20220317 16:53:35.628" endtime="20220317 16:53:40.191"/>
</kw>
<status status="PASS" starttime="20220317 16:53:31.190" endtime="20220317 16:53:40.192"/>
</kw>
<kw name="Verify Add Emergency Contact">
<arg>Admin</arg>
<arg>admin123</arg>
<arg>Anup</arg>
<arg>Brother</arg>
<arg>7766</arg>
<kw name="Input Text" library="SeleniumLibrary">
<arg>id=txtUsername</arg>
<arg>${username}</arg>
<doc>Types the given ``text`` into the text field identified by ``locator``.</doc>
<msg timestamp="20220317 16:53:40.193" level="INFO">Typing text 'Admin' into text field 'id=txtUsername'.</msg>
<status status="PASS" starttime="20220317 16:53:40.193" endtime="20220317 16:53:40.326"/>
</kw>
<kw name="Input Password" library="SeleniumLibrary">
<arg>id=txtPassword</arg>
<arg>${password}</arg>
<doc>Types the given password into the text field identified by ``locator``.</doc>
<msg timestamp="20220317 16:53:40.326" level="INFO">Typing password into text field 'id=txtPassword'.</msg>
<msg timestamp="20220317 16:53:40.388" level="INFO">Temporally setting log level to: NONE</msg>
<msg timestamp="20220317 16:53:40.447" level="INFO">Log level changed from NONE to INFO.</msg>
<status status="PASS" starttime="20220317 16:53:40.326" endtime="20220317 16:53:40.447"/>
</kw>
<kw name="Click Button" library="SeleniumLibrary">
<arg>id=btnLogin</arg>
<doc>Clicks the button identified by ``locator``.</doc>
<msg timestamp="20220317 16:53:40.448" level="INFO">Clicking button 'id=btnLogin'.</msg>
<status status="PASS" starttime="20220317 16:53:40.448" endtime="20220317 16:53:45.593"/>
</kw>
<kw name="Click Element" library="SeleniumLibrary">
<arg>link=My Info</arg>
<doc>Click the element identified by ``locator``.</doc>
<msg timestamp="20220317 16:53:45.594" level="INFO">Clicking element 'link=My Info'.</msg>
<status status="PASS" starttime="20220317 16:53:45.593" endtime="20220317 16:53:47.906"/>
</kw>
<kw name="Click Element" library="SeleniumLibrary">
<arg>Link=Emergency Contacts</arg>
<doc>Click the element identified by ``locator``.</doc>
<msg timestamp="20220317 16:53:47.907" level="INFO">Clicking element 'Link=Emergency Contacts'.</msg>
<status status="PASS" starttime="20220317 16:53:47.906" endtime="20220317 16:53:49.311"/>
</kw>
<kw name="Click Element" library="SeleniumLibrary">
<arg>xpath=//*[@id="btnAddContact"]</arg>
<doc>Click the element identified by ``locator``.</doc>
<msg timestamp="20220317 16:53:49.314" level="INFO">Clicking element 'xpath=//*[@id="btnAddContact"]'.</msg>
<status status="PASS" starttime="20220317 16:53:49.312" endtime="20220317 16:53:49.471"/>
</kw>
<kw name="Input Text" library="SeleniumLibrary">
<arg>xpath=//*[@id="emgcontacts_name"]</arg>
<arg>${emergency_cont_name}</arg>
<doc>Types the given ``text`` into the text field identified by ``locator``.</doc>
<msg timestamp="20220317 16:53:49.472" level="INFO">Typing text 'Anup' into text field 'xpath=//*[@id="emgcontacts_name"]'.</msg>
<status status="PASS" starttime="20220317 16:53:49.471" endtime="20220317 16:53:49.705"/>
</kw>
<kw name="Input Text" library="SeleniumLibrary">
<arg>id=emgcontacts_relationship</arg>
<arg>${relationship}</arg>
<doc>Types the given ``text`` into the text field identified by ``locator``.</doc>
<msg timestamp="20220317 16:53:49.706" level="INFO">Typing text 'Brother' into text field 'id=emgcontacts_relationship'.</msg>
<status status="PASS" starttime="20220317 16:53:49.705" endtime="20220317 16:53:49.857"/>
</kw>
<kw name="Input Text" library="SeleniumLibrary">
<arg>id=emgcontacts_homePhone</arg>
<arg>${Home_phone}</arg>
<doc>Types the given ``text`` into the text field identified by ``locator``.</doc>
<msg timestamp="20220317 16:53:49.858" level="INFO">Typing text '7766' into text field 'id=emgcontacts_homePhone'.</msg>
<status status="PASS" starttime="20220317 16:53:49.858" endtime="20220317 16:53:49.977"/>
</kw>
<kw name="Click Button" library="SeleniumLibrary">
<arg>id=btnSaveEContact</arg>
<doc>Clicks the button identified by ``locator``.</doc>
<msg timestamp="20220317 16:53:49.977" level="INFO">Clicking button 'id=btnSaveEContact'.</msg>
<status status="PASS" starttime="20220317 16:53:49.977" endtime="20220317 16:53:52.169"/>
</kw>
<kw name="Table Should Contain" library="SeleniumLibrary">
<arg>id=emgcontact_list</arg>
<arg>${emergency_cont_name}</arg>
<doc>Verifies table contains text ``expected``.</doc>
<status status="PASS" starttime="20220317 16:53:52.169" endtime="20220317 16:53:52.575"/>
</kw>
<status status="PASS" starttime="20220317 16:53:40.193" endtime="20220317 16:53:52.575"/>
</kw>
<kw name="Close Browser" library="SeleniumLibrary" type="TEARDOWN">
<doc>Closes the current browser.</doc>
<status status="PASS" starttime="20220317 16:53:52.576" endtime="20220317 16:53:54.831"/>
</kw>
<status status="PASS" starttime="20220317 16:53:31.187" endtime="20220317 16:53:54.833"/>
</test>
<test id="s1-t3" name="TC1">
<kw name="Launch Browser" library="CommonFunctionality" type="SETUP">
<kw name="Open Browser" library="SeleniumLibrary">
<arg>browser=${BROWSER_NAME}</arg>
<arg>executable_path=${EXECDIR}${/}Driver${/}chromedriver.exe</arg>
<doc>Opens a new browser instance to the optional ``url``.</doc>
<msg timestamp="20220317 16:53:54.871" level="INFO">Opening browser 'chrome' to base url 'None'.</msg>
<status status="PASS" starttime="20220317 16:53:54.865" endtime="20220317 16:53:56.713"/>
</kw>
<kw name="Maximize Browser Window" library="SeleniumLibrary">
<doc>Maximizes current browser window.</doc>
<status status="PASS" starttime="20220317 16:53:56.713" endtime="20220317 16:53:56.834"/>
</kw>
<kw name="Set Selenium Implicit Wait" library="SeleniumLibrary">
<arg>30s</arg>
<doc>Sets the implicit wait value used by Selenium.</doc>
<status status="PASS" starttime="20220317 16:53:56.834" endtime="20220317 16:53:56.837"/>
</kw>
<kw name="Go To" library="SeleniumLibrary">
<arg>url=${URL}</arg>
<doc>Navigates the current browser window to the provided ``url``.</doc>
<msg timestamp="20220317 16:53:56.838" level="INFO">Opening url 'https://opensource-demo.orangehrmlive.com/'</msg>
<status status="PASS" starttime="20220317 16:53:56.838" endtime="20220317 16:54:01.497"/>
</kw>
<status status="PASS" starttime="20220317 16:53:54.860" endtime="20220317 16:54:01.497"/>
</kw>
<kw name="Verify Add Emergency Contact">
<arg>Admin</arg>
<arg>admin123</arg>
<arg>Raja</arg>
<arg>Brother</arg>
<arg>5544</arg>
<kw name="Input Text" library="SeleniumLibrary">
<arg>id=txtUsername</arg>
<arg>${username}</arg>
<doc>Types the given ``text`` into the text field identified by ``locator``.</doc>
<msg timestamp="20220317 16:54:01.499" level="INFO">Typing text 'Admin' into text field 'id=txtUsername'.</msg>
<status status="PASS" starttime="20220317 16:54:01.499" endtime="20220317 16:54:01.630"/>
</kw>
<kw name="Input Password" library="SeleniumLibrary">
<arg>id=txtPassword</arg>
<arg>${password}</arg>
<doc>Types the given password into the text field identified by ``locator``.</doc>
<msg timestamp="20220317 16:54:01.631" level="INFO">Typing password into text field 'id=txtPassword'.</msg>
<msg timestamp="20220317 16:54:01.690" level="INFO">Temporally setting log level to: NONE</msg>
<msg timestamp="20220317 16:54:01.751" level="INFO">Log level changed from NONE to INFO.</msg>
<status status="PASS" starttime="20220317 16:54:01.631" endtime="20220317 16:54:01.751"/>
</kw>
<kw name="Click Button" library="SeleniumLibrary">
<arg>id=btnLogin</arg>
<doc>Clicks the button identified by ``locator``.</doc>
<msg timestamp="20220317 16:54:01.751" level="INFO">Clicking button 'id=btnLogin'.</msg>
<status status="PASS" starttime="20220317 16:54:01.751" endtime="20220317 16:54:07.544"/>
</kw>
<kw name="Click Element" library="SeleniumLibrary">
<arg>link=My Info</arg>
<doc>Click the element identified by ``locator``.</doc>
<msg timestamp="20220317 16:54:07.545" level="INFO">Clicking element 'link=My Info'.</msg>
<status status="PASS" starttime="20220317 16:54:07.545" endtime="20220317 16:54:09.817"/>
</kw>
<kw name="Click Element" library="SeleniumLibrary">
<arg>Link=Emergency Contacts</arg>
<doc>Click the element identified by ``locator``.</doc>
<msg timestamp="20220317 16:54:09.819" level="INFO">Clicking element 'Link=Emergency Contacts'.</msg>
<status status="PASS" starttime="20220317 16:54:09.818" endtime="20220317 16:54:11.199"/>
</kw>
<kw name="Click Element" library="SeleniumLibrary">
<arg>xpath=//*[@id="btnAddContact"]</arg>
<doc>Click the element identified by ``locator``.</doc>
<msg timestamp="20220317 16:54:11.200" level="INFO">Clicking element 'xpath=//*[@id="btnAddContact"]'.</msg>
<status status="PASS" starttime="20220317 16:54:11.200" endtime="20220317 16:54:11.285"/>
</kw>
<kw name="Input Text" library="SeleniumLibrary">
<arg>xpath=//*[@id="emgcontacts_name"]</arg>
<arg>${emergency_cont_name}</arg>
<doc>Types the given ``text`` into the text field identified by ``locator``.</doc>
<msg timestamp="20220317 16:54:11.286" level="INFO">Typing text 'Raja' into text field 'xpath=//*[@id="emgcontacts_name"]'.</msg>
<status status="PASS" starttime="20220317 16:54:11.285" endtime="20220317 16:54:11.416"/>
</kw>
<kw name="Input Text" library="SeleniumLibrary">
<arg>id=emgcontacts_relationship</arg>
<arg>${relationship}</arg>
<doc>Types the given ``text`` into the text field identified by ``locator``.</doc>
<msg timestamp="20220317 16:54:11.417" level="INFO">Typing text 'Brother' into text field 'id=emgcontacts_relationship'.</msg>
<status status="PASS" starttime="20220317 16:54:11.416" endtime="20220317 16:54:11.550"/>
</kw>
<kw name="Input Text" library="SeleniumLibrary">
<arg>id=emgcontacts_homePhone</arg>
<arg>${Home_phone}</arg>
<doc>Types the given ``text`` into the text field identified by ``locator``.</doc>
<msg timestamp="20220317 16:54:11.551" level="INFO">Typing text '5544' into text field 'id=emgcontacts_homePhone'.</msg>
<status status="PASS" starttime="20220317 16:54:11.551" endtime="20220317 16:54:11.679"/>
</kw>
<kw name="Click Button" library="SeleniumLibrary">
<arg>id=btnSaveEContact</arg>
<doc>Clicks the button identified by ``locator``.</doc>
<msg timestamp="20220317 16:54:11.679" level="INFO">Clicking button 'id=btnSaveEContact'.</msg>
<status status="PASS" starttime="20220317 16:54:11.679" endtime="20220317 16:54:13.471"/>
</kw>
<kw name="Table Should Contain" library="SeleniumLibrary">
<arg>id=emgcontact_list</arg>
<arg>${emergency_cont_name}</arg>
<doc>Verifies table contains text ``expected``.</doc>
<status status="PASS" starttime="20220317 16:54:13.472" endtime="20220317 16:54:13.977"/>
</kw>
<status status="PASS" starttime="20220317 16:54:01.498" endtime="20220317 16:54:13.977"/>
</kw>
<kw name="Close Browser" library="SeleniumLibrary" type="TEARDOWN">
<doc>Closes the current browser.</doc>
<status status="PASS" starttime="20220317 16:54:13.978" endtime="20220317 16:54:16.217"/>
</kw>
<status status="PASS" starttime="20220317 16:53:54.844" endtime="20220317 16:54:16.219"/>
</test>
<test id="s1-t4" name="TC1">
<kw name="Launch Browser" library="CommonFunctionality" type="SETUP">
<kw name="Open Browser" library="SeleniumLibrary">
<arg>browser=${BROWSER_NAME}</arg>
<arg>executable_path=${EXECDIR}${/}Driver${/}chromedriver.exe</arg>
<doc>Opens a new browser instance to the optional ``url``.</doc>
<msg timestamp="20220317 16:54:16.246" level="INFO">Opening browser 'chrome' to base url 'None'.</msg>
<status status="PASS" starttime="20220317 16:54:16.240" endtime="20220317 16:54:17.961"/>
</kw>
<kw name="Maximize Browser Window" library="SeleniumLibrary">
<doc>Maximizes current browser window.</doc>
<status status="PASS" starttime="20220317 16:54:17.961" endtime="20220317 16:54:18.082"/>
</kw>
<kw name="Set Selenium Implicit Wait" library="SeleniumLibrary">
<arg>30s</arg>
<doc>Sets the implicit wait value used by Selenium.</doc>
<status status="PASS" starttime="20220317 16:54:18.082" endtime="20220317 16:54:18.084"/>
</kw>
<kw name="Go To" library="SeleniumLibrary">
<arg>url=${URL}</arg>
<doc>Navigates the current browser window to the provided ``url``.</doc>
<msg timestamp="20220317 16:54:18.085" level="INFO">Opening url 'https://opensource-demo.orangehrmlive.com/'</msg>
<status status="PASS" starttime="20220317 16:54:18.084" endtime="20220317 16:54:23.309"/>
</kw>
<status status="PASS" starttime="20220317 16:54:16.236" endtime="20220317 16:54:23.309"/>
</kw>
<kw name="Verify Add Emergency Contact">
<arg>Admin</arg>
<arg>admin123</arg>
<arg>Rasel</arg>
<arg>Brother</arg>
<arg>3322</arg>
<kw name="Input Text" library="SeleniumLibrary">
<arg>id=txtUsername</arg>
<arg>${username}</arg>
<doc>Types the given ``text`` into the text field identified by ``locator``.</doc>
<msg timestamp="20220317 16:54:23.313" level="INFO">Typing text 'Admin' into text field 'id=txtUsername'.</msg>
<status status="PASS" starttime="20220317 16:54:23.312" endtime="20220317 16:54:23.439"/>
</kw>
<kw name="Input Password" library="SeleniumLibrary">
<arg>id=txtPassword</arg>
<arg>${password}</arg>
<doc>Types the given password into the text field identified by ``locator``.</doc>
<msg timestamp="20220317 16:54:23.439" level="INFO">Typing password into text field 'id=txtPassword'.</msg>
<msg timestamp="20220317 16:54:23.498" level="INFO">Temporally setting log level to: NONE</msg>
<msg timestamp="20220317 16:54:23.558" level="INFO">Log level changed from NONE to INFO.</msg>
<status status="PASS" starttime="20220317 16:54:23.439" endtime="20220317 16:54:23.558"/>
</kw>
<kw name="Click Button" library="SeleniumLibrary">
<arg>id=btnLogin</arg>
<doc>Clicks the button identified by ``locator``.</doc>
<msg timestamp="20220317 16:54:23.558" level="INFO">Clicking button 'id=btnLogin'.</msg>
<status status="PASS" starttime="20220317 16:54:23.558" endtime="20220317 16:54:29.281"/>
</kw>
<kw name="Click Element" library="SeleniumLibrary">
<arg>link=My Info</arg>
<doc>Click the element identified by ``locator``.</doc>
<msg timestamp="20220317 16:54:29.282" level="INFO">Clicking element 'link=My Info'.</msg>
<status status="PASS" starttime="20220317 16:54:29.281" endtime="20220317 16:54:31.322"/>
</kw>
<kw name="Click Element" library="SeleniumLibrary">
<arg>Link=Emergency Contacts</arg>
<doc>Click the element identified by ``locator``.</doc>
<msg timestamp="20220317 16:54:31.325" level="INFO">Clicking element 'Link=Emergency Contacts'.</msg>
<status status="PASS" starttime="20220317 16:54:31.323" endtime="20220317 16:54:32.908"/>
</kw>
<kw name="Click Element" library="SeleniumLibrary">
<arg>xpath=//*[@id="btnAddContact"]</arg>
<doc>Click the element identified by ``locator``.</doc>
<msg timestamp="20220317 16:54:32.910" level="INFO">Clicking element 'xpath=//*[@id="btnAddContact"]'.</msg>
<status status="PASS" starttime="20220317 16:54:32.908" endtime="20220317 16:54:33.022"/>
</kw>
<kw name="Input Text" library="SeleniumLibrary">
<arg>xpath=//*[@id="emgcontacts_name"]</arg>
<arg>${emergency_cont_name}</arg>
<doc>Types the given ``text`` into the text field identified by ``locator``.</doc>
<msg timestamp="20220317 16:54:33.023" level="INFO">Typing text 'Rasel' into text field 'xpath=//*[@id="emgcontacts_name"]'.</msg>
<status status="PASS" starttime="20220317 16:54:33.023" endtime="20220317 16:54:33.214"/>
</kw>
<kw name="Input Text" library="SeleniumLibrary">
<arg>id=emgcontacts_relationship</arg>
<arg>${relationship}</arg>
<doc>Types the given ``text`` into the text field identified by ``locator``.</doc>
<msg timestamp="20220317 16:54:33.215" level="INFO">Typing text 'Brother' into text field 'id=emgcontacts_relationship'.</msg>
<status status="PASS" starttime="20220317 16:54:33.215" endtime="20220317 16:54:33.405"/>
</kw>
<kw name="Input Text" library="SeleniumLibrary">
<arg>id=emgcontacts_homePhone</arg>
<arg>${Home_phone}</arg>
<doc>Types the given ``text`` into the text field identified by ``locator``.</doc>
<msg timestamp="20220317 16:54:33.405" level="INFO">Typing text '3322' into text field 'id=emgcontacts_homePhone'.</msg>
<status status="PASS" starttime="20220317 16:54:33.405" endtime="20220317 16:54:33.523"/>
</kw>
<kw name="Click Button" library="SeleniumLibrary">
<arg>id=btnSaveEContact</arg>
<doc>Clicks the button identified by ``locator``.</doc>
<msg timestamp="20220317 16:54:33.524" level="INFO">Clicking button 'id=btnSaveEContact'.</msg>
<status status="PASS" starttime="20220317 16:54:33.523" endtime="20220317 16:54:35.273"/>
</kw>
<kw name="Table Should Contain" library="SeleniumLibrary">
<arg>id=emgcontact_list</arg>
<arg>${emergency_cont_name}</arg>
<doc>Verifies table contains text ``expected``.</doc>
<status status="PASS" starttime="20220317 16:54:35.273" endtime="20220317 16:54:35.873"/>
</kw>
<status status="PASS" starttime="20220317 16:54:23.310" endtime="20220317 16:54:35.873"/>
</kw>
<kw name="Close Browser" library="SeleniumLibrary" type="TEARDOWN">
<doc>Closes the current browser.</doc>
<status status="PASS" starttime="20220317 16:54:35.876" endtime="20220317 16:54:38.099"/>
</kw>
<status status="PASS" starttime="20220317 16:54:16.228" endtime="20220317 16:54:38.099"/>
</test>
<test id="s1-t5" name="TC1">
<kw name="Launch Browser" library="CommonFunctionality" type="SETUP">
<kw name="Open Browser" library="SeleniumLibrary">
<arg>browser=${BROWSER_NAME}</arg>
<arg>executable_path=${EXECDIR}${/}Driver${/}chromedriver.exe</arg>
<doc>Opens a new browser instance to the optional ``url``.</doc>
<msg timestamp="20220317 16:54:38.107" level="INFO">Opening browser 'chrome' to base url 'None'.</msg>
<status status="PASS" starttime="20220317 16:54:38.105" endtime="20220317 16:54:41.717"/>
</kw>
<kw name="Maximize Browser Window" library="SeleniumLibrary">
<doc>Maximizes current browser window.</doc>
<status status="PASS" starttime="20220317 16:54:41.717" endtime="20220317 16:54:41.837"/>
</kw>
<kw name="Set Selenium Implicit Wait" library="SeleniumLibrary">
<arg>30s</arg>
<doc>Sets the implicit wait value used by Selenium.</doc>
<status status="PASS" starttime="20220317 16:54:41.837" endtime="20220317 16:54:41.838"/>
</kw>
<kw name="Go To" library="SeleniumLibrary">
<arg>url=${URL}</arg>
<doc>Navigates the current browser window to the provided ``url``.</doc>
<msg timestamp="20220317 16:54:41.838" level="INFO">Opening url 'https://opensource-demo.orangehrmlive.com/'</msg>
<status status="PASS" starttime="20220317 16:54:41.838" endtime="20220317 16:54:45.879"/>
</kw>
<status status="PASS" starttime="20220317 16:54:38.105" endtime="20220317 16:54:45.879"/>
</kw>
<kw name="Verify Add Emergency Contact">
<arg>Admin</arg>
<arg>admin123</arg>
<arg>Wajid</arg>
<arg>Brother</arg>
<arg>2211</arg>
<kw name="Input Text" library="SeleniumLibrary">
<arg>id=txtUsername</arg>
<arg>${username}</arg>
<doc>Types the given ``text`` into the text field identified by ``locator``.</doc>
<msg timestamp="20220317 16:54:45.882" level="INFO">Typing text 'Admin' into text field 'id=txtUsername'.</msg>
<status status="PASS" starttime="20220317 16:54:45.879" endtime="20220317 16:54:46.013"/>
</kw>
<kw name="Input Password" library="SeleniumLibrary">
<arg>id=txtPassword</arg>
<arg>${password}</arg>
<doc>Types the given password into the text field identified by ``locator``.</doc>
<msg timestamp="20220317 16:54:46.014" level="INFO">Typing password into text field 'id=txtPassword'.</msg>
<msg timestamp="20220317 16:54:46.073" level="INFO">Temporally setting log level to: NONE</msg>
<msg timestamp="20220317 16:54:46.134" level="INFO">Log level changed from NONE to INFO.</msg>
<status status="PASS" starttime="20220317 16:54:46.014" endtime="20220317 16:54:46.134"/>
</kw>
<kw name="Click Button" library="SeleniumLibrary">
<arg>id=btnLogin</arg>
<doc>Clicks the button identified by ``locator``.</doc>
<msg timestamp="20220317 16:54:46.135" level="INFO">Clicking button 'id=btnLogin'.</msg>
<status status="PASS" starttime="20220317 16:54:46.134" endtime="20220317 16:54:51.850"/>
</kw>
<kw name="Click Element" library="SeleniumLibrary">
<arg>link=My Info</arg>
<doc>Click the element identified by ``locator``.</doc>
<msg timestamp="20220317 16:54:51.850" level="INFO">Clicking element 'link=My Info'.</msg>
<status status="PASS" starttime="20220317 16:54:51.850" endtime="20220317 16:54:54.446"/>
</kw>
<kw name="Click Element" library="SeleniumLibrary">
<arg>Link=Emergency Contacts</arg>
<doc>Click the element identified by ``locator``.</doc>
<msg timestamp="20220317 16:54:54.452" level="INFO">Clicking element 'Link=Emergency Contacts'.</msg>
<status status="PASS" starttime="20220317 16:54:54.448" endtime="20220317 16:54:56.159"/>
</kw>
<kw name="Click Element" library="SeleniumLibrary">
<arg>xpath=//*[@id="btnAddContact"]</arg>
<doc>Click the element identified by ``locator``.</doc>
<msg timestamp="20220317 16:54:56.164" level="INFO">Clicking element 'xpath=//*[@id="btnAddContact"]'.</msg>
<status status="PASS" starttime="20220317 16:54:56.162" endtime="20220317 16:54:56.388"/>
</kw>
<kw name="Input Text" library="SeleniumLibrary">
<arg>xpath=//*[@id="emgcontacts_name"]</arg>
<arg>${emergency_cont_name}</arg>
<doc>Types the given ``text`` into the text field identified by ``locator``.</doc>
<msg timestamp="20220317 16:54:56.392" level="INFO">Typing text 'Wajid' into text field 'xpath=//*[@id="emgcontacts_name"]'.</msg>
<status status="PASS" starttime="20220317 16:54:56.389" endtime="20220317 16:54:56.630"/>
</kw>
<kw name="Input Text" library="SeleniumLibrary">
<arg>id=emgcontacts_relationship</arg>
<arg>${relationship}</arg>
<doc>Types the given ``text`` into the text field identified by ``locator``.</doc>
<msg timestamp="20220317 16:54:56.631" level="INFO">Typing text 'Brother' into text field 'id=emgcontacts_relationship'.</msg>
<status status="PASS" starttime="20220317 16:54:56.631" endtime="20220317 16:54:56.812"/>
</kw>
<kw name="Input Text" library="SeleniumLibrary">
<arg>id=emgcontacts_homePhone</arg>
<arg>${Home_phone}</arg>
<doc>Types the given ``text`` into the text field identified by ``locator``.</doc>
<msg timestamp="20220317 16:54:56.813" level="INFO">Typing text '2211' into text field 'id=emgcontacts_homePhone'.</msg>
<status status="PASS" starttime="20220317 16:54:56.812" endtime="20220317 16:54:56.933"/>
</kw>
<kw name="Click Button" library="SeleniumLibrary">
<arg>id=btnSaveEContact</arg>
<doc>Clicks the button identified by ``locator``.</doc>
<msg timestamp="20220317 16:54:56.934" level="INFO">Clicking button 'id=btnSaveEContact'.</msg>
<status status="PASS" starttime="20220317 16:54:56.934" endtime="20220317 16:54:58.829"/>
</kw>
<kw name="Table Should Contain" library="SeleniumLibrary">
<arg>id=emgcontact_list</arg>
<arg>${emergency_cont_name}</arg>
<doc>Verifies table contains text ``expected``.</doc>
<status status="PASS" starttime="20220317 16:54:58.829" endtime="20220317 16:54:59.204"/>
</kw>
<status status="PASS" starttime="20220317 16:54:45.879" endtime="20220317 16:54:59.204"/>
</kw>
<kw name="Close Browser" library="SeleniumLibrary" type="TEARDOWN">
<doc>Closes the current browser.</doc>
<status status="PASS" starttime="20220317 16:54:59.205" endtime="20220317 16:55:01.426"/>
</kw>
<status status="PASS" starttime="20220317 16:54:38.102" endtime="20220317 16:55:01.427"/>
</test>
<doc>This documentation is related to emergency contact</doc>
<status status="PASS" starttime="20220317 16:53:00.557" endtime="20220317 16:55:01.434"/>
</suite>
<statistics>
<total>
<stat pass="5" fail="0" skip="0">All Tests</stat>
</total>
<tag>
</tag>
<suite>
<stat pass="5" fail="0" skip="0" id="s1" name="Verify Emergency Contact Suite">Verify Emergency Contact Suite</stat>
</suite>
</statistics>
<errors>
<msg timestamp="20220317 16:53:31.185" level="WARN">Multiple test cases with name 'TC1' executed in test suite 'Verify Emergency Contact Suite'.</msg>
<msg timestamp="20220317 16:53:54.840" level="WARN">Multiple test cases with name 'TC1' executed in test suite 'Verify Emergency Contact Suite'.</msg>
<msg timestamp="20220317 16:54:16.224" level="WARN">Multiple test cases with name 'TC1' executed in test suite 'Verify Emergency Contact Suite'.</msg>
<msg timestamp="20220317 16:54:38.101" level="WARN">Multiple test cases with name 'TC1' executed in test suite 'Verify Emergency Contact Suite'.</msg>
</errors>
</robot>
