<?xml version="1.0" encoding="UTF-8"?>
<robot generator="Robot 4.1.3 (Python 3.10.2 on win32)" generated="20220317 15:25:38.713" rpa="false" schemaversion="2">
<suite id="s1" name="Verify Emergency Contact Suite" source="D:\Robot_Framework\Robot_Framework_Project\My_Info_Suite\Verify_Emergency_Contact_Suite.robot">
<test id="s1-t1" name="TC1">
<kw name="Launch Browser" library="CommonFunctionality" type="SETUP">
<kw name="Open Browser" library="SeleniumLibrary">
<arg>browser=${BROWSER_NAME}</arg>
<arg>executable_path=${EXECDIR}${/}Driver${/}chromedriver.exe</arg>
<doc>Opens a new browser instance to the optional ``url``.</doc>
<msg timestamp="20220317 15:25:39.099" level="INFO">Opening browser 'chrome' to base url 'None'.</msg>
<status status="PASS" starttime="20220317 15:25:39.098" endtime="20220317 15:25:42.199"/>
</kw>
<kw name="Maximize Browser Window" library="SeleniumLibrary">
<doc>Maximizes current browser window.</doc>
<status status="PASS" starttime="20220317 15:25:42.199" endtime="20220317 15:25:42.329"/>
</kw>
<kw name="Set Selenium Implicit Wait" library="SeleniumLibrary">
<arg>30s</arg>
<doc>Sets the implicit wait value used by Selenium.</doc>
<status status="PASS" starttime="20220317 15:25:42.330" endtime="20220317 15:25:42.332"/>
</kw>
<kw name="Go To" library="SeleniumLibrary">
<arg>url=${URL}</arg>
<doc>Navigates the current browser window to the provided ``url``.</doc>
<msg timestamp="20220317 15:25:42.333" level="INFO">Opening url 'https://opensource-demo.orangehrmlive.com/'</msg>
<status status="PASS" starttime="20220317 15:25:42.332" endtime="20220317 15:25:49.981"/>
</kw>
<status status="PASS" starttime="20220317 15:25:39.098" endtime="20220317 15:25:49.981"/>
</kw>
<kw name="Verify Add Emergency Contact">
<arg>Admin</arg>
<arg>admin123</arg>
<arg>Ananda</arg>
<arg>Brother</arg>
<arg>78988</arg>
<kw name="Input Text" library="SeleniumLibrary">
<arg>id=txtUsername</arg>
<arg>${username}</arg>
<doc>Types the given ``text`` into the text field identified by ``locator``.</doc>
<msg timestamp="20220317 15:25:49.984" level="INFO">Typing text 'Admin' into text field 'id=txtUsername'.</msg>
<status status="PASS" starttime="20220317 15:25:49.983" endtime="20220317 15:25:50.156"/>
</kw>
<kw name="Input Password" library="SeleniumLibrary">
<arg>id=txtPassword</arg>
<arg>${password}</arg>
<doc>Types the given password into the text field identified by ``locator``.</doc>
<msg timestamp="20220317 15:25:50.157" level="INFO">Typing password into text field 'id=txtPassword'.</msg>
<msg timestamp="20220317 15:25:50.239" level="INFO">Temporally setting log level to: NONE</msg>
<msg timestamp="20220317 15:25:50.377" level="INFO">Log level changed from NONE to INFO.</msg>
<status status="PASS" starttime="20220317 15:25:50.156" endtime="20220317 15:25:50.377"/>
</kw>
<kw name="Click Button" library="SeleniumLibrary">
<arg>id=btnLogin</arg>
<doc>Clicks the button identified by ``locator``.</doc>
<msg timestamp="20220317 15:25:50.378" level="INFO">Clicking button 'id=btnLogin'.</msg>
<status status="PASS" starttime="20220317 15:25:50.377" endtime="20220317 15:25:57.206"/>
</kw>
<kw name="Click Element" library="SeleniumLibrary">
<arg>link=My Info</arg>
<doc>Click the element identified by ``locator``.</doc>
<msg timestamp="20220317 15:25:57.206" level="INFO">Clicking element 'link=My Info'.</msg>
<status status="PASS" starttime="20220317 15:25:57.206" endtime="20220317 15:26:04.903"/>
</kw>
<kw name="Click Element" library="SeleniumLibrary">
<arg>Link=Emergency Contacts</arg>
<doc>Click the element identified by ``locator``.</doc>
<msg timestamp="20220317 15:26:04.904" level="INFO">Clicking element 'Link=Emergency Contacts'.</msg>
<status status="PASS" starttime="20220317 15:26:04.903" endtime="20220317 15:26:06.265"/>
</kw>
<kw name="Click Element" library="SeleniumLibrary">
<arg>xpath=//*[@id="btnAddContact"]</arg>
<doc>Click the element identified by ``locator``.</doc>
<msg timestamp="20220317 15:26:06.265" level="INFO">Clicking element 'xpath=//*[@id="btnAddContact"]'.</msg>
<status status="PASS" starttime="20220317 15:26:06.265" endtime="20220317 15:26:06.337"/>
</kw>
<kw name="Input Text" library="SeleniumLibrary">
<arg>xpath=//*[@id="emgcontacts_name"]</arg>
<arg>${emergency_cont_name}</arg>
<doc>Types the given ``text`` into the text field identified by ``locator``.</doc>
<msg timestamp="20220317 15:26:06.339" level="INFO">Typing text 'Ananda' into text field 'xpath=//*[@id="emgcontacts_name"]'.</msg>
<status status="PASS" starttime="20220317 15:26:06.338" endtime="20220317 15:26:06.447"/>
</kw>
<kw name="Input Text" library="SeleniumLibrary">
<arg>id=emgcontacts_relationship</arg>
<arg>${relationship}</arg>
<doc>Types the given ``text`` into the text field identified by ``locator``.</doc>
<msg timestamp="20220317 15:26:06.447" level="INFO">Typing text 'Brother' into text field 'id=emgcontacts_relationship'.</msg>
<status status="PASS" starttime="20220317 15:26:06.447" endtime="20220317 15:26:06.555"/>
</kw>
<kw name="Input Text" library="SeleniumLibrary">
<arg>id=emgcontacts_homePhone</arg>
<arg>${Home_phone}</arg>
<doc>Types the given ``text`` into the text field identified by ``locator``.</doc>
<msg timestamp="20220317 15:26:06.556" level="INFO">Typing text '78988' into text field 'id=emgcontacts_homePhone'.</msg>
<status status="PASS" starttime="20220317 15:26:06.556" endtime="20220317 15:26:06.667"/>
</kw>
<kw name="Click Button" library="SeleniumLibrary">
<arg>id=btnSaveEContact</arg>
<doc>Clicks the button identified by ``locator``.</doc>
<msg timestamp="20220317 15:26:06.667" level="INFO">Clicking button 'id=btnSaveEContact'.</msg>
<status status="PASS" starttime="20220317 15:26:06.667" endtime="20220317 15:26:08.800"/>
</kw>
<kw name="Table Should Contain" library="SeleniumLibrary">
<arg>id=emgcontact_list</arg>
<arg>${emergency_cont_name}</arg>
<doc>Verifies table contains text ``expected``.</doc>
<status status="PASS" starttime="20220317 15:26:08.801" endtime="20220317 15:26:09.141"/>
</kw>
<status status="PASS" starttime="20220317 15:25:49.982" endtime="20220317 15:26:09.142"/>
</kw>
<kw name="Close Browser" library="SeleniumLibrary" type="TEARDOWN">
<doc>Closes the current browser.</doc>
<status status="PASS" starttime="20220317 15:26:09.143" endtime="20220317 15:26:11.414"/>
</kw>
<status status="PASS" starttime="20220317 15:25:39.097" endtime="20220317 15:26:11.414"/>
</test>
<doc>This documentation is related to emergency contact</doc>
<status status="PASS" starttime="20220317 15:25:38.715" endtime="20220317 15:26:11.419"/>
</suite>
<statistics>
<total>
<stat pass="1" fail="0" skip="0">All Tests</stat>
</total>
<tag>
</tag>
<suite>
<stat pass="1" fail="0" skip="0" id="s1" name="Verify Emergency Contact Suite">Verify Emergency Contact Suite</stat>
</suite>
</statistics>
<errors>
</errors>
</robot>
