<?xml version="1.0" encoding="UTF-8"?>
<robot generator="Robot 4.1.3 (Python 3.10.2 on win32)" generated="20220317 13:50:02.578" rpa="false" schemaversion="2">
<suite id="s1" name="Verify Invalidcredentials Suite" source="D:\Robot_Framework\Robot_Framework_Project\Login_Suite\verify_invalidcredentials_suite.robot">
<test id="s1-t1" name="Verify InValid Credential Test">
<kw name="Launch Browser" library="CommonFunctionality">
<kw name="Open Browser" library="SeleniumLibrary">
<arg>browser=${BROWSER_NAME}</arg>
<arg>executable_path=${EXECDIR}${/}Driver${/}chromedriver.exe</arg>
<doc>Opens a new browser instance to the optional ``url``.</doc>
<msg timestamp="20220317 13:50:02.962" level="INFO">Opening browser 'chrome' to base url 'None'.</msg>
<status status="PASS" starttime="20220317 13:50:02.962" endtime="20220317 13:50:05.194"/>
</kw>
<kw name="Maximize Browser Window" library="SeleniumLibrary">
<doc>Maximizes current browser window.</doc>
<status status="PASS" starttime="20220317 13:50:05.195" endtime="20220317 13:50:05.313"/>
</kw>
<kw name="Set Selenium Implicit Wait" library="SeleniumLibrary">
<arg>30s</arg>
<doc>Sets the implicit wait value used by Selenium.</doc>
<status status="PASS" starttime="20220317 13:50:05.313" endtime="20220317 13:50:05.314"/>
</kw>
<kw name="Go To" library="SeleniumLibrary">
<arg>url=${URL}</arg>
<doc>Navigates the current browser window to the provided ``url``.</doc>
<msg timestamp="20220317 13:50:05.315" level="INFO">Opening url 'https://opensource-demo.orangehrmlive.com/'</msg>
<status status="PASS" starttime="20220317 13:50:05.314" endtime="20220317 13:50:14.021"/>
</kw>
<status status="PASS" starttime="20220317 13:50:02.961" endtime="20220317 13:50:14.021"/>
</kw>
<kw name="Input Text" library="SeleniumLibrary">
<arg>id=txtUsername</arg>
<arg>Adminabc</arg>
<doc>Types the given ``text`` into the text field identified by ``locator``.</doc>
<msg timestamp="20220317 13:50:14.023" level="INFO">Typing text 'Adminabc' into text field 'id=txtUsername'.</msg>
<status status="PASS" starttime="20220317 13:50:14.022" endtime="20220317 13:50:14.168"/>
</kw>
<kw name="Input Password" library="SeleniumLibrary">
<arg>id=txtPassword</arg>
<arg>admin123456</arg>
<doc>Types the given password into the text field identified by ``locator``.</doc>
<msg timestamp="20220317 13:50:14.170" level="INFO">Typing password into text field 'id=txtPassword'.</msg>
<msg timestamp="20220317 13:50:14.240" level="INFO">Temporally setting log level to: NONE</msg>
<msg timestamp="20220317 13:50:14.320" level="INFO">Log level changed from NONE to INFO.</msg>
<status status="PASS" starttime="20220317 13:50:14.169" endtime="20220317 13:50:14.321"/>
</kw>
<kw name="Click Button" library="SeleniumLibrary">
<arg>id=btnLogin</arg>
<doc>Clicks the button identified by ``locator``.</doc>
<msg timestamp="20220317 13:50:14.322" level="INFO">Clicking button 'id=btnLogin'.</msg>
<status status="PASS" starttime="20220317 13:50:14.322" endtime="20220317 13:50:16.982"/>
</kw>
<kw name="Page Should Contain Element" library="SeleniumLibrary">
<arg>id=spanMessage</arg>
<doc>Verifies that element ``locator`` is found on the current page.</doc>
<msg timestamp="20220317 13:50:16.999" level="INFO">Current page contains element 'id=spanMessage'.</msg>
<status status="PASS" starttime="20220317 13:50:16.983" endtime="20220317 13:50:16.999"/>
</kw>
<kw name="Element Text Should Be" library="SeleniumLibrary">
<arg>id=spanMessage</arg>
<arg>Invalid credentials</arg>
<doc>Verifies that element ``locator`` contains exact the text ``expected``.</doc>
<msg timestamp="20220317 13:50:17.000" level="INFO">Verifying element 'id=spanMessage' contains exact text 'Invalid credentials'.</msg>
<status status="PASS" starttime="20220317 13:50:17.000" endtime="20220317 13:50:17.028"/>
</kw>
<kw name="Close Browser" library="SeleniumLibrary">
<doc>Closes the current browser.</doc>
<status status="PASS" starttime="20220317 13:50:17.029" endtime="20220317 13:50:19.341"/>
</kw>
<kw name="Close Browser" library="SeleniumLibrary" type="TEARDOWN">
<doc>Closes the current browser.</doc>
<status status="PASS" starttime="20220317 13:50:19.342" endtime="20220317 13:50:19.342"/>
</kw>
<status status="PASS" starttime="20220317 13:50:02.959" endtime="20220317 13:50:19.343"/>
</test>
<doc>This suite will handle all the test cases related to invalid
credential test. Test case -TC_OH_3</doc>
<status status="PASS" starttime="20220317 13:50:02.581" endtime="20220317 13:50:19.345"/>
</suite>
<statistics>
<total>
<stat pass="1" fail="0" skip="0">All Tests</stat>
</total>
<tag>
</tag>
<suite>
<stat pass="1" fail="0" skip="0" id="s1" name="Verify Invalidcredentials Suite">Verify Invalidcredentials Suite</stat>
</suite>
</statistics>
<errors>
</errors>
</robot>
