<?xml version="1.0" encoding="UTF-8"?>
<robot generator="Robot 4.1.3 (Python 3.10.2 on win32)" generated="20220317 13:58:20.132" rpa="false" schemaversion="2">
<suite id="s1" name="Verify Invalidcredentials Suite" source="D:\Robot_Framework\Robot_Framework_Project\Login_Suite\verify_invalidcredentials_suite.robot">
<test id="s1-t1" name="Verify InValid Credential Test">
<kw name="Launch Browser" library="CommonFunctionality" type="SETUP">
<kw name="Open Browser" library="SeleniumLibrary">
<arg>browser=${BROWSER_NAME}</arg>
<arg>executable_path=${EXECDIR}${/}Driver${/}chromedriver.exe</arg>
<doc>Opens a new browser instance to the optional ``url``.</doc>
<msg timestamp="20220317 13:58:20.499" level="INFO">Opening browser 'chrome' to base url 'None'.</msg>
<status status="PASS" starttime="20220317 13:58:20.498" endtime="20220317 13:58:22.277"/>
</kw>
<kw name="Maximize Browser Window" library="SeleniumLibrary">
<doc>Maximizes current browser window.</doc>
<status status="PASS" starttime="20220317 13:58:22.277" endtime="20220317 13:58:22.408"/>
</kw>
<kw name="Set Selenium Implicit Wait" library="SeleniumLibrary">
<arg>30s</arg>
<doc>Sets the implicit wait value used by Selenium.</doc>
<status status="PASS" starttime="20220317 13:58:22.408" endtime="20220317 13:58:22.411"/>
</kw>
<kw name="Go To" library="SeleniumLibrary">
<arg>url=${URL}</arg>
<doc>Navigates the current browser window to the provided ``url``.</doc>
<msg timestamp="20220317 13:58:22.412" level="INFO">Opening url 'https://opensource-demo.orangehrmlive.com/'</msg>
<status status="PASS" starttime="20220317 13:58:22.411" endtime="20220317 13:58:32.964"/>
</kw>
<status status="PASS" starttime="20220317 13:58:20.497" endtime="20220317 13:58:32.965"/>
</kw>
<kw name="Input Text" library="SeleniumLibrary">
<arg>id=txtUsername</arg>
<arg>Adminabc</arg>
<doc>Types the given ``text`` into the text field identified by ``locator``.</doc>
<msg timestamp="20220317 13:58:32.966" level="INFO">Typing text 'Adminabc' into text field 'id=txtUsername'.</msg>
<status status="PASS" starttime="20220317 13:58:32.966" endtime="20220317 13:58:33.102"/>
</kw>
<kw name="Input Password" library="SeleniumLibrary">
<arg>id=txtPassword</arg>
<arg>admin123456</arg>
<doc>Types the given password into the text field identified by ``locator``.</doc>
<msg timestamp="20220317 13:58:33.104" level="INFO">Typing password into text field 'id=txtPassword'.</msg>
<msg timestamp="20220317 13:58:33.175" level="INFO">Temporally setting log level to: NONE</msg>
<msg timestamp="20220317 13:58:33.305" level="INFO">Log level changed from NONE to INFO.</msg>
<status status="PASS" starttime="20220317 13:58:33.103" endtime="20220317 13:58:33.305"/>
</kw>
<kw name="Click Button" library="SeleniumLibrary">
<arg>id=btnLogin</arg>
<doc>Clicks the button identified by ``locator``.</doc>
<msg timestamp="20220317 13:58:33.307" level="INFO">Clicking button 'id=btnLogin'.</msg>
<status status="PASS" starttime="20220317 13:58:33.306" endtime="20220317 13:58:36.431"/>
</kw>
<kw name="Page Should Contain Element" library="SeleniumLibrary">
<arg>id=spanMessage</arg>
<doc>Verifies that element ``locator`` is found on the current page.</doc>
<msg timestamp="20220317 13:58:36.456" level="INFO">Current page contains element 'id=spanMessage'.</msg>
<status status="PASS" starttime="20220317 13:58:36.432" endtime="20220317 13:58:36.456"/>
</kw>
<kw name="Element Text Should Be" library="SeleniumLibrary">
<arg>id=spanMessage</arg>
<arg>Invalid credentials</arg>
<doc>Verifies that element ``locator`` contains exact the text ``expected``.</doc>
<msg timestamp="20220317 13:58:36.457" level="INFO">Verifying element 'id=spanMessage' contains exact text 'Invalid credentials'.</msg>
<status status="PASS" starttime="20220317 13:58:36.457" endtime="20220317 13:58:36.484"/>
</kw>
<kw name="Close Browser" library="SeleniumLibrary">
<doc>Closes the current browser.</doc>
<status status="PASS" starttime="20220317 13:58:36.485" endtime="20220317 13:58:38.700"/>
</kw>
<kw name="Close Browser" library="SeleniumLibrary" type="TEARDOWN">
<doc>Closes the current browser.</doc>
<status status="PASS" starttime="20220317 13:58:38.704" endtime="20220317 13:58:38.704"/>
</kw>
<status status="PASS" starttime="20220317 13:58:20.496" endtime="20220317 13:58:38.704"/>
</test>
<doc>This suite will handle all the test cases related to invalid
credential test. Test case -TC_OH_3</doc>
<status status="PASS" starttime="20220317 13:58:20.135" endtime="20220317 13:58:38.707"/>
</suite>
<statistics>
<total>
<stat pass="1" fail="0" skip="0">All Tests</stat>
</total>
<tag>
</tag>
<suite>
<stat pass="1" fail="0" skip="0" id="s1" name="Verify Invalidcredentials Suite">Verify Invalidcredentials Suite</stat>
</suite>
</statistics>
<errors>
</errors>
</robot>
