<?xml version="1.0" encoding="UTF-8"?>
<robot generator="Robot 4.1.3 (Python 3.10.2 on win32)" generated="20220317 12:20:21.121" rpa="false" schemaversion="2">
<suite id="s1" name="Verify Validcredential Suite" source="D:\Robot_Framework\Robot_Framework_Project\Login_Suite\verify_validcredential_suite.robot">
<test id="s1-t1" name="Verify Valid Credential Test">
<kw name="Launch Browser" library="CommonFunctionality">
<kw name="Open Browser" library="SeleniumLibrary">
<arg>browser=${BROWSER_NAME}</arg>
<arg>executable_path=${EXECDIR}${/}Driver${/}chromedriver.exe</arg>
<doc>Opens a new browser instance to the optional ``url``.</doc>
<msg timestamp="20220317 12:20:21.518" level="INFO">Opening browser 'chrome' to base url 'None'.</msg>
<status status="PASS" starttime="20220317 12:20:21.517" endtime="20220317 12:20:23.298"/>
</kw>
<kw name="Maximize Browser Window" library="SeleniumLibrary">
<doc>Maximizes current browser window.</doc>
<status status="PASS" starttime="20220317 12:20:23.299" endtime="20220317 12:20:23.428"/>
</kw>
<kw name="Set Selenium Implicit Wait" library="SeleniumLibrary">
<arg>30s</arg>
<doc>Sets the implicit wait value used by Selenium.</doc>
<status status="PASS" starttime="20220317 12:20:23.428" endtime="20220317 12:20:23.431"/>
</kw>
<kw name="Go To" library="SeleniumLibrary">
<arg>url=${URL}</arg>
<doc>Navigates the current browser window to the provided ``url``.</doc>
<msg timestamp="20220317 12:20:23.432" level="INFO">Opening url 'https://opensource-demo.orangehrmlive.com/'</msg>
<status status="PASS" starttime="20220317 12:20:23.431" endtime="20220317 12:20:28.420"/>
</kw>
<status status="PASS" starttime="20220317 12:20:21.516" endtime="20220317 12:20:28.420"/>
</kw>
<kw name="Input Text" library="SeleniumLibrary">
<arg>id=txtUsername</arg>
<arg>Admin</arg>
<doc>Types the given ``text`` into the text field identified by ``locator``.</doc>
<msg timestamp="20220317 12:20:28.421" level="INFO">Typing text 'Admin' into text field 'id=txtUsername'.</msg>
<status status="PASS" starttime="20220317 12:20:28.421" endtime="20220317 12:20:28.547"/>
</kw>
<kw name="Input Password" library="SeleniumLibrary">
<arg>id=txtPassword</arg>
<arg>admin123</arg>
<doc>Types the given password into the text field identified by ``locator``.</doc>
<msg timestamp="20220317 12:20:28.547" level="INFO">Typing password into text field 'id=txtPassword'.</msg>
<msg timestamp="20220317 12:20:28.604" level="INFO">Temporally setting log level to: NONE</msg>
<msg timestamp="20220317 12:20:28.671" level="INFO">Log level changed from NONE to INFO.</msg>
<status status="PASS" starttime="20220317 12:20:28.547" endtime="20220317 12:20:28.671"/>
</kw>
<kw name="Click Button" library="SeleniumLibrary">
<arg>id=btnLogin</arg>
<doc>Clicks the button identified by ``locator``.</doc>
<msg timestamp="20220317 12:20:28.672" level="INFO">Clicking button 'id=btnLogin'.</msg>
<status status="PASS" starttime="20220317 12:20:28.672" endtime="20220317 12:20:35.166"/>
</kw>
<kw name="Page Should Contain" library="SeleniumLibrary">
<arg>My Info</arg>
<doc>Verifies that current page contains ``text``.</doc>
<msg timestamp="20220317 12:20:35.202" level="INFO">Current page contains text 'My Info'.</msg>
<status status="PASS" starttime="20220317 12:20:35.174" endtime="20220317 12:20:35.202"/>
</kw>
<kw name="Close Browser" library="SeleniumLibrary">
<doc>Closes the current browser.</doc>
<status status="PASS" starttime="20220317 12:20:35.203" endtime="20220317 12:20:37.417"/>
</kw>
<kw name="Close Browser" library="SeleniumLibrary" type="TEARDOWN">
<doc>Closes the current browser.</doc>
<status status="PASS" starttime="20220317 12:20:37.420" endtime="20220317 12:20:37.420"/>
</kw>
<status status="PASS" starttime="20220317 12:20:21.515" endtime="20220317 12:20:37.422"/>
</test>
<doc>This suite will handle all the test cases related to valid
credential test. Test case -TC_OH_2</doc>
<status status="PASS" starttime="20220317 12:20:21.124" endtime="20220317 12:20:37.430"/>
</suite>
<statistics>
<total>
<stat pass="1" fail="0" skip="0">All Tests</stat>
</total>
<tag>
</tag>
<suite>
<stat pass="1" fail="0" skip="0" id="s1" name="Verify Validcredential Suite">Verify Validcredential Suite</stat>
</suite>
</statistics>
<errors>
</errors>
</robot>
